[ 2014-12-01T00:05:54+08:00 ] 127.0.0.1 /review/index.php/Home/Review/searchReview/perpage/5/p/5/
INFO: [ app_init ] --START--
INFO: Run Behavior\BuildLiteBehavior [ RunTime:0.000062s ]
INFO: [ app_init ] --END-- [ RunTime:0.000489s ]
INFO: [ app_begin ] --START--
INFO: Run Behavior\ReadHtmlCacheBehavior [ RunTime:0.001763s ]
INFO: [ app_begin ] --END-- [ RunTime:0.002135s ]
SQL: SHOW COLUMNS FROM `review` [ RunTime:0.033340s ]
SQL: SHOW COLUMNS FROM `order_show_pic` [ RunTime:0.008105s ]
SQL: SELECT review.review_id,review.member_id,review.order_id,review.product_id,review.sale_prop,review.creation_time,review.comment,review.is_enabled,review.order_top,order_show_pic.url FROM `review` LEFT JOIN order_show_pic On review.review_id = order_show_pic.review_id  GROUP BY review.review_id ORDER BY review.order_top desc,review.creation_time desc LIMIT 20,5   [ RunTime:0.001421s ]
SQL: SELECT COUNT(*) AS tp_count FROM `review` LIMIT 1   [ RunTime:0.000573s ]

[ 2014-12-01T00:05:56+08:00 ] 127.0.0.1 /review/index.php/Home/Review/searchReview/perpage/5/p/4/
INFO: [ app_init ] --START--
INFO: Run Behavior\BuildLiteBehavior [ RunTime:0.000057s ]
INFO: [ app_init ] --END-- [ RunTime:0.000352s ]
INFO: [ app_begin ] --START--
INFO: Run Behavior\ReadHtmlCacheBehavior [ RunTime:0.001323s ]
INFO: [ app_begin ] --END-- [ RunTime:0.001691s ]
SQL: SHOW COLUMNS FROM `review` [ RunTime:0.008178s ]
SQL: SHOW COLUMNS FROM `order_show_pic` [ RunTime:0.007593s ]
SQL: SELECT review.review_id,review.member_id,review.order_id,review.product_id,review.sale_prop,review.creation_time,review.comment,review.is_enabled,review.order_top,order_show_pic.url FROM `review` LEFT JOIN order_show_pic On review.review_id = order_show_pic.review_id  GROUP BY review.review_id ORDER BY review.order_top desc,review.creation_time desc LIMIT 15,5   [ RunTime:0.001322s ]
SQL: SELECT COUNT(*) AS tp_count FROM `review` LIMIT 1   [ RunTime:0.000637s ]

[ 2014-12-01T00:06:04+08:00 ] 127.0.0.1 /review/index.php/Home/Review/setEnabled/
INFO: [ app_init ] --START--
INFO: Run Behavior\BuildLiteBehavior [ RunTime:0.000053s ]
INFO: [ app_init ] --END-- [ RunTime:0.000330s ]
INFO: [ app_begin ] --START--
INFO: Run Behavior\ReadHtmlCacheBehavior [ RunTime:0.001407s ]
INFO: [ app_begin ] --END-- [ RunTime:0.001685s ]
SQL: SHOW COLUMNS FROM `review` [ RunTime:0.007188s ]
SQL: update review set is_enabled = 1,modification_time = '2014-12-01 00:06:04' where review_id=29 [ RunTime:0.072865s ]
NOTIC: [2] mysql_num_rows() expects parameter 1 to be resource, boolean given D:\practise\php\review\ThinkPHP\Library\Think\Db\Driver\Mysql.class.php 第 106 行.
INFO: [ app_end ] --START--
INFO: Run Behavior\ShowPageTraceBehavior [ RunTime:0.001293s ]
INFO: [ app_end ] --END-- [ RunTime:0.001597s ]

[ 2014-12-01T00:06:05+08:00 ] 127.0.0.1 /review/index.php/Home/Review/setTop/
INFO: [ app_init ] --START--
INFO: Run Behavior\BuildLiteBehavior [ RunTime:0.000059s ]
INFO: [ app_init ] --END-- [ RunTime:0.000413s ]
INFO: [ app_begin ] --START--
INFO: Run Behavior\ReadHtmlCacheBehavior [ RunTime:0.001131s ]
INFO: [ app_begin ] --END-- [ RunTime:0.001399s ]
SQL: SHOW COLUMNS FROM `review` [ RunTime:0.007380s ]
SQL: update review set order_top = 10,modification_time = '2014-12-01 00:06:05' where review_id=29 [ RunTime:0.002289s ]
NOTIC: [2] mysql_num_rows() expects parameter 1 to be resource, boolean given D:\practise\php\review\ThinkPHP\Library\Think\Db\Driver\Mysql.class.php 第 106 行.
INFO: [ app_end ] --START--
INFO: Run Behavior\ShowPageTraceBehavior [ RunTime:0.001299s ]
INFO: [ app_end ] --END-- [ RunTime:0.001540s ]

[ 2014-12-01T00:06:06+08:00 ] 127.0.0.1 /review/index.php/Home/Review/setTop/
INFO: [ app_init ] --START--
INFO: Run Behavior\BuildLiteBehavior [ RunTime:0.000058s ]
INFO: [ app_init ] --END-- [ RunTime:0.000507s ]
INFO: [ app_begin ] --START--
INFO: Run Behavior\ReadHtmlCacheBehavior [ RunTime:0.001131s ]
INFO: [ app_begin ] --END-- [ RunTime:0.001397s ]
SQL: SHOW COLUMNS FROM `review` [ RunTime:0.007005s ]
SQL: update review set order_top = 10,modification_time = '2014-12-01 00:06:06' where review_id=11 [ RunTime:0.066890s ]
NOTIC: [2] mysql_num_rows() expects parameter 1 to be resource, boolean given D:\practise\php\review\ThinkPHP\Library\Think\Db\Driver\Mysql.class.php 第 106 行.
INFO: [ app_end ] --START--
INFO: Run Behavior\ShowPageTraceBehavior [ RunTime:0.002072s ]
INFO: [ app_end ] --END-- [ RunTime:0.002462s ]

[ 2014-12-01T00:06:07+08:00 ] 127.0.0.1 /review/index.php/Home/Review/setTop/
INFO: [ app_init ] --START--
INFO: Run Behavior\BuildLiteBehavior [ RunTime:0.000056s ]
INFO: [ app_init ] --END-- [ RunTime:0.000357s ]
INFO: [ app_begin ] --START--
INFO: Run Behavior\ReadHtmlCacheBehavior [ RunTime:0.001156s ]
INFO: [ app_begin ] --END-- [ RunTime:0.001427s ]
SQL: SHOW COLUMNS FROM `review` [ RunTime:0.007739s ]
SQL: update review set order_top = 10,modification_time = '2014-12-01 00:06:07' where review_id=10 [ RunTime:0.002248s ]
NOTIC: [2] mysql_num_rows() expects parameter 1 to be resource, boolean given D:\practise\php\review\ThinkPHP\Library\Think\Db\Driver\Mysql.class.php 第 106 行.
INFO: [ app_end ] --START--
INFO: Run Behavior\ShowPageTraceBehavior [ RunTime:0.001399s ]
INFO: [ app_end ] --END-- [ RunTime:0.001649s ]

[ 2014-12-01T00:06:07+08:00 ] 127.0.0.1 /review/index.php/Home/Review/setTop/
INFO: [ app_init ] --START--
INFO: Run Behavior\BuildLiteBehavior [ RunTime:0.000053s ]
INFO: [ app_init ] --END-- [ RunTime:0.000331s ]
INFO: [ app_begin ] --START--
INFO: Run Behavior\ReadHtmlCacheBehavior [ RunTime:0.001405s ]
INFO: [ app_begin ] --END-- [ RunTime:0.001712s ]
SQL: SHOW COLUMNS FROM `review` [ RunTime:0.007971s ]
SQL: update review set order_top = 10,modification_time = '2014-12-01 00:06:07' where review_id=9 [ RunTime:0.003421s ]
NOTIC: [2] mysql_num_rows() expects parameter 1 to be resource, boolean given D:\practise\php\review\ThinkPHP\Library\Think\Db\Driver\Mysql.class.php 第 106 行.
INFO: [ app_end ] --START--
INFO: Run Behavior\ShowPageTraceBehavior [ RunTime:0.001326s ]
INFO: [ app_end ] --END-- [ RunTime:0.001567s ]

[ 2014-12-01T00:06:08+08:00 ] 127.0.0.1 /review/index.php/Home/Review/setTop/
INFO: [ app_init ] --START--
INFO: Run Behavior\BuildLiteBehavior [ RunTime:0.000053s ]
INFO: [ app_init ] --END-- [ RunTime:0.000331s ]
INFO: [ app_begin ] --START--
INFO: Run Behavior\ReadHtmlCacheBehavior [ RunTime:0.002389s ]
INFO: [ app_begin ] --END-- [ RunTime:0.002699s ]
SQL: SHOW COLUMNS FROM `review` [ RunTime:0.007279s ]
SQL: update review set order_top = 10,modification_time = '2014-12-01 00:06:08' where review_id=8 [ RunTime:0.002655s ]
NOTIC: [2] mysql_num_rows() expects parameter 1 to be resource, boolean given D:\practise\php\review\ThinkPHP\Library\Think\Db\Driver\Mysql.class.php 第 106 行.
INFO: [ app_end ] --START--
INFO: Run Behavior\ShowPageTraceBehavior [ RunTime:0.001330s ]
INFO: [ app_end ] --END-- [ RunTime:0.001572s ]

[ 2014-12-01T00:06:10+08:00 ] 127.0.0.1 /review/index.php/Home/Review/searchReview/perpage/5/p/4/
INFO: [ app_init ] --START--
INFO: Run Behavior\BuildLiteBehavior [ RunTime:0.000056s ]
INFO: [ app_init ] --END-- [ RunTime:0.000363s ]
INFO: [ app_begin ] --START--
INFO: Run Behavior\ReadHtmlCacheBehavior [ RunTime:0.002264s ]
INFO: [ app_begin ] --END-- [ RunTime:0.002616s ]
SQL: SHOW COLUMNS FROM `review` [ RunTime:0.032420s ]
SQL: SHOW COLUMNS FROM `order_show_pic` [ RunTime:0.008385s ]
SQL: SELECT review.review_id,review.member_id,review.order_id,review.product_id,review.sale_prop,review.creation_time,review.comment,review.is_enabled,review.order_top,order_show_pic.url FROM `review` LEFT JOIN order_show_pic On review.review_id = order_show_pic.review_id  GROUP BY review.review_id ORDER BY review.order_top desc,review.creation_time desc LIMIT 15,5   [ RunTime:0.001915s ]
SQL: SELECT COUNT(*) AS tp_count FROM `review` LIMIT 1   [ RunTime:0.000486s ]

[ 2014-12-01T00:06:14+08:00 ] 127.0.0.1 /review/index.php/Home/Review/setTop/
INFO: [ app_init ] --START--
INFO: Run Behavior\BuildLiteBehavior [ RunTime:0.000053s ]
INFO: [ app_init ] --END-- [ RunTime:0.000314s ]
INFO: [ app_begin ] --START--
INFO: Run Behavior\ReadHtmlCacheBehavior [ RunTime:0.001572s ]
INFO: [ app_begin ] --END-- [ RunTime:0.001830s ]
SQL: SHOW COLUMNS FROM `review` [ RunTime:0.006816s ]
SQL: update review set order_top = 10,modification_time = '2014-12-01 00:06:14' where review_id=34 [ RunTime:0.002818s ]
NOTIC: [2] mysql_num_rows() expects parameter 1 to be resource, boolean given D:\practise\php\review\ThinkPHP\Library\Think\Db\Driver\Mysql.class.php 第 106 行.
INFO: [ app_end ] --START--
INFO: Run Behavior\ShowPageTraceBehavior [ RunTime:0.001609s ]
INFO: [ app_end ] --END-- [ RunTime:0.001833s ]

[ 2014-12-01T00:06:16+08:00 ] 127.0.0.1 /review/index.php/Home/Review/searchReview/perpage/5/p/4/
INFO: [ app_init ] --START--
INFO: Run Behavior\BuildLiteBehavior [ RunTime:0.000053s ]
INFO: [ app_init ] --END-- [ RunTime:0.000362s ]
INFO: [ app_begin ] --START--
INFO: Run Behavior\ReadHtmlCacheBehavior [ RunTime:0.001277s ]
INFO: [ app_begin ] --END-- [ RunTime:0.001589s ]
SQL: SHOW COLUMNS FROM `review` [ RunTime:0.007579s ]
SQL: SHOW COLUMNS FROM `order_show_pic` [ RunTime:0.007256s ]
SQL: SELECT review.review_id,review.member_id,review.order_id,review.product_id,review.sale_prop,review.creation_time,review.comment,review.is_enabled,review.order_top,order_show_pic.url FROM `review` LEFT JOIN order_show_pic On review.review_id = order_show_pic.review_id  GROUP BY review.review_id ORDER BY review.order_top desc,review.creation_time desc LIMIT 15,5   [ RunTime:0.001416s ]
SQL: SELECT COUNT(*) AS tp_count FROM `review` LIMIT 1   [ RunTime:0.000709s ]

[ 2014-12-01T00:06:19+08:00 ] 127.0.0.1 /review/index.php/Home/Review/searchReview/perpage/5/p/1/
INFO: [ app_init ] --START--
INFO: Run Behavior\BuildLiteBehavior [ RunTime:0.000058s ]
INFO: [ app_init ] --END-- [ RunTime:0.000367s ]
INFO: [ app_begin ] --START--
INFO: Run Behavior\ReadHtmlCacheBehavior [ RunTime:0.001416s ]
INFO: [ app_begin ] --END-- [ RunTime:0.001738s ]
SQL: SHOW COLUMNS FROM `review` [ RunTime:0.007623s ]
SQL: SHOW COLUMNS FROM `order_show_pic` [ RunTime:0.013221s ]
SQL: SELECT review.review_id,review.member_id,review.order_id,review.product_id,review.sale_prop,review.creation_time,review.comment,review.is_enabled,review.order_top,order_show_pic.url FROM `review` LEFT JOIN order_show_pic On review.review_id = order_show_pic.review_id  GROUP BY review.review_id ORDER BY review.order_top desc,review.creation_time desc LIMIT 0,5   [ RunTime:0.002479s ]
SQL: SELECT COUNT(*) AS tp_count FROM `review` LIMIT 1   [ RunTime:0.002278s ]

[ 2014-12-01T00:08:04+08:00 ] 127.0.0.1 /review/index.php/Home/Review/getReview/review_id/11
INFO: [ app_init ] --START--
INFO: Run Behavior\BuildLiteBehavior [ RunTime:0.000059s ]
INFO: [ app_init ] --END-- [ RunTime:0.000349s ]
INFO: [ app_begin ] --START--
INFO: Run Behavior\ReadHtmlCacheBehavior [ RunTime:0.001614s ]
INFO: [ app_begin ] --END-- [ RunTime:0.001956s ]
SQL: SHOW COLUMNS FROM `review` [ RunTime:0.006894s ]
SQL: SHOW COLUMNS FROM `order_show_pic` [ RunTime:0.007162s ]
SQL: SHOW COLUMNS FROM `tag` [ RunTime:0.007030s ]
SQL: SELECT COUNT(*) AS tp_count FROM `review` WHERE ( review.review_id=11 ) LIMIT 1   [ RunTime:0.000453s ]
SQL: SELECT review.review_id,review.member_id,review.order_id,review.product_id,review.sale_prop,review.creation_time,review.comment,review.score,review.is_enabled,review.order_top,order_show_pic.url,tag.tag_name FROM `order_show_pic` RIGHT JOIN review On review.review_id = order_show_pic.review_id LEFT JOIN tag On tag.review_id = review.review_id  WHERE ( review.review_id=11 )  [ RunTime:0.000899s ]

[ 2014-12-01T00:08:07+08:00 ] 127.0.0.1 /review/index.php/Home/Review/getReview/review_id/9
INFO: [ app_init ] --START--
INFO: Run Behavior\BuildLiteBehavior [ RunTime:0.000058s ]
INFO: [ app_init ] --END-- [ RunTime:0.000347s ]
INFO: [ app_begin ] --START--
INFO: Run Behavior\ReadHtmlCacheBehavior [ RunTime:0.001257s ]
INFO: [ app_begin ] --END-- [ RunTime:0.001582s ]
SQL: SHOW COLUMNS FROM `review` [ RunTime:0.008062s ]
SQL: SHOW COLUMNS FROM `order_show_pic` [ RunTime:0.007697s ]
SQL: SHOW COLUMNS FROM `tag` [ RunTime:0.007602s ]
SQL: SELECT COUNT(*) AS tp_count FROM `review` WHERE ( review.review_id=9 ) LIMIT 1   [ RunTime:0.000496s ]
SQL: SELECT review.review_id,review.member_id,review.order_id,review.product_id,review.sale_prop,review.creation_time,review.comment,review.score,review.is_enabled,review.order_top,order_show_pic.url,tag.tag_name FROM `order_show_pic` RIGHT JOIN review On review.review_id = order_show_pic.review_id LEFT JOIN tag On tag.review_id = review.review_id  WHERE ( review.review_id=9 )  [ RunTime:0.000721s ]

[ 2014-12-01T00:08:09+08:00 ] 127.0.0.1 /review/index.php/Home/Review/getReview/review_id/34
INFO: [ app_init ] --START--
INFO: Run Behavior\BuildLiteBehavior [ RunTime:0.000056s ]
INFO: [ app_init ] --END-- [ RunTime:0.000382s ]
INFO: [ app_begin ] --START--
INFO: Run Behavior\ReadHtmlCacheBehavior [ RunTime:0.001186s ]
INFO: [ app_begin ] --END-- [ RunTime:0.001499s ]
SQL: SHOW COLUMNS FROM `review` [ RunTime:0.007184s ]
SQL: SHOW COLUMNS FROM `order_show_pic` [ RunTime:0.007153s ]
SQL: SHOW COLUMNS FROM `tag` [ RunTime:0.021664s ]
SQL: SELECT COUNT(*) AS tp_count FROM `review` WHERE ( review.review_id=34 ) LIMIT 1   [ RunTime:0.001014s ]
SQL: SELECT review.review_id,review.member_id,review.order_id,review.product_id,review.sale_prop,review.creation_time,review.comment,review.score,review.is_enabled,review.order_top,order_show_pic.url,tag.tag_name FROM `order_show_pic` RIGHT JOIN review On review.review_id = order_show_pic.review_id LEFT JOIN tag On tag.review_id = review.review_id  WHERE ( review.review_id=34 )  [ RunTime:0.000720s ]

[ 2014-12-01T00:09:48+08:00 ] 127.0.0.1 /review/index.php/Home/Review/searchReview/perpage/5/p/1/
INFO: [ app_init ] --START--
INFO: Run Behavior\BuildLiteBehavior [ RunTime:0.000055s ]
INFO: [ app_init ] --END-- [ RunTime:0.000344s ]
INFO: [ app_begin ] --START--
INFO: Run Behavior\ReadHtmlCacheBehavior [ RunTime:0.001254s ]
INFO: [ app_begin ] --END-- [ RunTime:0.001566s ]
SQL: SHOW COLUMNS FROM `review` [ RunTime:0.007276s ]
SQL: SHOW COLUMNS FROM `order_show_pic` [ RunTime:0.007642s ]
SQL: SELECT review.review_id,review.member_id,review.order_id,review.product_id,review.sale_prop,review.creation_time,review.comment,review.is_enabled,review.order_top,order_show_pic.url FROM `review` LEFT JOIN order_show_pic On review.review_id = order_show_pic.review_id  GROUP BY review.review_id ORDER BY review.order_top desc,review.creation_time desc LIMIT 0,5   [ RunTime:0.001351s ]
SQL: SELECT COUNT(*) AS tp_count FROM `review` LIMIT 1   [ RunTime:0.000595s ]

[ 2014-12-01T00:10:44+08:00 ] 127.0.0.1 /review/index.php/Home/Review/searchReview/perpage/5/p/1/
INFO: [ app_init ] --START--
INFO: Run Behavior\BuildLiteBehavior [ RunTime:0.000055s ]
INFO: [ app_init ] --END-- [ RunTime:0.000358s ]
INFO: [ app_begin ] --START--
INFO: Run Behavior\ReadHtmlCacheBehavior [ RunTime:0.001976s ]
INFO: [ app_begin ] --END-- [ RunTime:0.002301s ]
SQL: SHOW COLUMNS FROM `review` [ RunTime:0.008759s ]
SQL: SHOW COLUMNS FROM `order_show_pic` [ RunTime:0.008812s ]
SQL: SELECT review.review_id,review.member_id,review.order_id,review.product_id,review.sale_prop,review.creation_time,review.comment,review.is_enabled,review.order_top,order_show_pic.url FROM `review` LEFT JOIN order_show_pic On review.review_id = order_show_pic.review_id  GROUP BY review.review_id ORDER BY review.order_top desc,review.creation_time desc LIMIT 0,5   [ RunTime:0.002128s ]
SQL: SELECT COUNT(*) AS tp_count FROM `review` LIMIT 1   [ RunTime:0.001194s ]

[ 2014-12-01T00:10:45+08:00 ] 127.0.0.1 /review/index.php/Home/Review/searchReview//perpage/5/p//
INFO: [ app_init ] --START--
INFO: Run Behavior\BuildLiteBehavior [ RunTime:0.000054s ]
INFO: [ app_init ] --END-- [ RunTime:0.000392s ]
INFO: [ app_begin ] --START--
INFO: Run Behavior\ReadHtmlCacheBehavior [ RunTime:0.001620s ]
INFO: [ app_begin ] --END-- [ RunTime:0.001951s ]
SQL: SHOW COLUMNS FROM `review` [ RunTime:0.008737s ]
SQL: SHOW COLUMNS FROM `order_show_pic` [ RunTime:0.007185s ]
SQL: SELECT review.review_id,review.member_id,review.order_id,review.product_id,review.sale_prop,review.creation_time,review.comment,review.is_enabled,review.order_top,order_show_pic.url FROM `review` LEFT JOIN order_show_pic On review.review_id = order_show_pic.review_id  GROUP BY review.review_id ORDER BY review.order_top desc,review.creation_time desc LIMIT 0,5   [ RunTime:0.001481s ]
SQL: SELECT COUNT(*) AS tp_count FROM `review` LIMIT 1   [ RunTime:0.000474s ]

[ 2014-12-01T00:10:47+08:00 ] 127.0.0.1 /review/index.php/Home/Review/searchReview//perpage/5/p//
INFO: [ app_init ] --START--
INFO: Run Behavior\BuildLiteBehavior [ RunTime:0.000056s ]
INFO: [ app_init ] --END-- [ RunTime:0.000391s ]
INFO: [ app_begin ] --START--
INFO: Run Behavior\ReadHtmlCacheBehavior [ RunTime:0.001212s ]
INFO: [ app_begin ] --END-- [ RunTime:0.001524s ]
SQL: SHOW COLUMNS FROM `review` [ RunTime:0.008787s ]
SQL: SHOW COLUMNS FROM `order_show_pic` [ RunTime:0.009518s ]
SQL: SELECT review.review_id,review.member_id,review.order_id,review.product_id,review.sale_prop,review.creation_time,review.comment,review.is_enabled,review.order_top,order_show_pic.url FROM `review` LEFT JOIN order_show_pic On review.review_id = order_show_pic.review_id  GROUP BY review.review_id ORDER BY review.order_top desc,review.creation_time desc LIMIT 0,5   [ RunTime:0.001615s ]
SQL: SELECT COUNT(*) AS tp_count FROM `review` LIMIT 1   [ RunTime:0.000480s ]

[ 2014-12-01T00:10:47+08:00 ] 127.0.0.1 /review/index.php/Home/Review/searchReview//perpage/5/p//
INFO: [ app_init ] --START--
INFO: Run Behavior\BuildLiteBehavior [ RunTime:0.000053s ]
INFO: [ app_init ] --END-- [ RunTime:0.000341s ]
INFO: [ app_begin ] --START--
INFO: Run Behavior\ReadHtmlCacheBehavior [ RunTime:0.002178s ]
INFO: [ app_begin ] --END-- [ RunTime:0.002550s ]
SQL: SHOW COLUMNS FROM `review` [ RunTime:0.008391s ]
SQL: SHOW COLUMNS FROM `order_show_pic` [ RunTime:0.008622s ]
SQL: SELECT review.review_id,review.member_id,review.order_id,review.product_id,review.sale_prop,review.creation_time,review.comment,review.is_enabled,review.order_top,order_show_pic.url FROM `review` LEFT JOIN order_show_pic On review.review_id = order_show_pic.review_id  GROUP BY review.review_id ORDER BY review.order_top desc,review.creation_time desc LIMIT 0,5   [ RunTime:0.001385s ]
SQL: SELECT COUNT(*) AS tp_count FROM `review` LIMIT 1   [ RunTime:0.000571s ]

[ 2014-12-01T00:10:57+08:00 ] 127.0.0.1 /review/index.php/Home/Review/searchReview//perpage/5/p//
INFO: [ app_init ] --START--
INFO: Run Behavior\BuildLiteBehavior [ RunTime:0.000058s ]
INFO: [ app_init ] --END-- [ RunTime:0.000360s ]
INFO: [ app_begin ] --START--
INFO: Run Behavior\ReadHtmlCacheBehavior [ RunTime:0.001275s ]
INFO: [ app_begin ] --END-- [ RunTime:0.001574s ]
SQL: SHOW COLUMNS FROM `review` [ RunTime:0.009821s ]
SQL: SHOW COLUMNS FROM `order_show_pic` [ RunTime:0.009931s ]
SQL: SELECT review.review_id,review.member_id,review.order_id,review.product_id,review.sale_prop,review.creation_time,review.comment,review.is_enabled,review.order_top,order_show_pic.url FROM `review` LEFT JOIN order_show_pic On review.review_id = order_show_pic.review_id  GROUP BY review.review_id ORDER BY review.order_top desc,review.creation_time desc LIMIT 0,5   [ RunTime:0.001297s ]
SQL: SELECT COUNT(*) AS tp_count FROM `review` LIMIT 1   [ RunTime:0.000483s ]

[ 2014-12-01T00:10:59+08:00 ] 127.0.0.1 /review/index.php/Home/Review/searchReview//perpage/5/p//
INFO: [ app_init ] --START--
INFO: Run Behavior\BuildLiteBehavior [ RunTime:0.000054s ]
INFO: [ app_init ] --END-- [ RunTime:0.000343s ]
INFO: [ app_begin ] --START--
INFO: Run Behavior\ReadHtmlCacheBehavior [ RunTime:0.001224s ]
INFO: [ app_begin ] --END-- [ RunTime:0.001551s ]
SQL: SHOW COLUMNS FROM `review` [ RunTime:0.008099s ]
SQL: SHOW COLUMNS FROM `order_show_pic` [ RunTime:0.008234s ]
SQL: SELECT review.review_id,review.member_id,review.order_id,review.product_id,review.sale_prop,review.creation_time,review.comment,review.is_enabled,review.order_top,order_show_pic.url FROM `review` LEFT JOIN order_show_pic On review.review_id = order_show_pic.review_id  GROUP BY review.review_id ORDER BY review.order_top desc,review.creation_time desc LIMIT 0,5   [ RunTime:0.001623s ]
SQL: SELECT COUNT(*) AS tp_count FROM `review` LIMIT 1   [ RunTime:0.000465s ]

[ 2014-12-01T00:11:00+08:00 ] 127.0.0.1 /review/index.php/Home/Review/getReview/review_id/
INFO: [ app_init ] --START--
INFO: Run Behavior\BuildLiteBehavior [ RunTime:0.000054s ]
INFO: [ app_init ] --END-- [ RunTime:0.000338s ]
INFO: [ app_begin ] --START--
INFO: Run Behavior\ReadHtmlCacheBehavior [ RunTime:0.001171s ]
INFO: [ app_begin ] --END-- [ RunTime:0.001492s ]
NOTIC: [8] Undefined index: review_id D:\practise\php\review\review\Home\Controller\ReviewController.class.php 第 293 行.

[ 2014-12-01T00:11:16+08:00 ] 127.0.0.1 /review/index.php/Home/Review/searchReview//perpage/5/p//
INFO: [ app_init ] --START--
INFO: Run Behavior\BuildLiteBehavior [ RunTime:0.000059s ]
INFO: [ app_init ] --END-- [ RunTime:0.000366s ]
INFO: [ app_begin ] --START--
INFO: Run Behavior\ReadHtmlCacheBehavior [ RunTime:0.001672s ]
INFO: [ app_begin ] --END-- [ RunTime:0.002019s ]
SQL: SHOW COLUMNS FROM `review` [ RunTime:0.010220s ]
SQL: SHOW COLUMNS FROM `order_show_pic` [ RunTime:0.008474s ]
SQL: SELECT review.review_id,review.member_id,review.order_id,review.product_id,review.sale_prop,review.creation_time,review.comment,review.is_enabled,review.order_top,order_show_pic.url FROM `review` LEFT JOIN order_show_pic On review.review_id = order_show_pic.review_id  GROUP BY review.review_id ORDER BY review.order_top desc,review.creation_time desc LIMIT 0,5   [ RunTime:0.001330s ]
SQL: SELECT COUNT(*) AS tp_count FROM `review` LIMIT 1   [ RunTime:0.000642s ]

[ 2014-12-01T00:14:08+08:00 ] 127.0.0.1 /review/index.php/Home/Review/searchReview/perpage/5/p//
INFO: [ app_init ] --START--
INFO: Run Behavior\BuildLiteBehavior [ RunTime:0.000054s ]
INFO: [ app_init ] --END-- [ RunTime:0.000356s ]
INFO: [ app_begin ] --START--
INFO: Run Behavior\ReadHtmlCacheBehavior [ RunTime:0.002614s ]
INFO: [ app_begin ] --END-- [ RunTime:0.002943s ]
SQL: SHOW COLUMNS FROM `review` [ RunTime:0.007727s ]
SQL: SHOW COLUMNS FROM `order_show_pic` [ RunTime:0.006897s ]
SQL: SELECT review.review_id,review.member_id,review.order_id,review.product_id,review.sale_prop,review.creation_time,review.comment,review.is_enabled,review.order_top,order_show_pic.url FROM `review` LEFT JOIN order_show_pic On review.review_id = order_show_pic.review_id  GROUP BY review.review_id ORDER BY review.order_top desc,review.creation_time desc LIMIT 0,5   [ RunTime:0.001581s ]
SQL: SELECT COUNT(*) AS tp_count FROM `review` LIMIT 1   [ RunTime:0.000659s ]

[ 2014-12-01T00:14:09+08:00 ] 127.0.0.1 /review/index.php/Home/Review/getReview/review_id/
INFO: [ app_init ] --START--
INFO: Run Behavior\BuildLiteBehavior [ RunTime:0.000055s ]
INFO: [ app_init ] --END-- [ RunTime:0.000337s ]
INFO: [ app_begin ] --START--
INFO: Run Behavior\ReadHtmlCacheBehavior [ RunTime:0.001712s ]
INFO: [ app_begin ] --END-- [ RunTime:0.002120s ]
NOTIC: [8] Undefined index: review_id D:\practise\php\review\review\Home\Controller\ReviewController.class.php 第 293 行.

[ 2014-12-01T00:14:38+08:00 ] 127.0.0.1 /review/index.php/Home/Review/getReview/review_id/
INFO: [ app_init ] --START--
INFO: Run Behavior\BuildLiteBehavior [ RunTime:0.000055s ]
INFO: [ app_init ] --END-- [ RunTime:0.000359s ]
INFO: [ app_begin ] --START--
INFO: Run Behavior\ReadHtmlCacheBehavior [ RunTime:0.001830s ]
INFO: [ app_begin ] --END-- [ RunTime:0.002162s ]
NOTIC: [8] Undefined index: review_id D:\practise\php\review\review\Home\Controller\ReviewController.class.php 第 293 行.

[ 2014-12-01T00:17:04+08:00 ] 127.0.0.1 /review/index.php/Home/Review/searchReview/perpage/5/p//
INFO: [ app_init ] --START--
INFO: Run Behavior\BuildLiteBehavior [ RunTime:0.000053s ]
INFO: [ app_init ] --END-- [ RunTime:0.000336s ]
INFO: [ app_begin ] --START--
INFO: Run Behavior\ReadHtmlCacheBehavior [ RunTime:0.003811s ]
INFO: [ app_begin ] --END-- [ RunTime:0.004144s ]
SQL: SHOW COLUMNS FROM `review` [ RunTime:0.007460s ]
SQL: SHOW COLUMNS FROM `order_show_pic` [ RunTime:0.007550s ]
SQL: SELECT review.review_id,review.member_id,review.order_id,review.product_id,review.sale_prop,review.creation_time,review.comment,review.is_enabled,review.order_top,order_show_pic.url FROM `review` LEFT JOIN order_show_pic On review.review_id = order_show_pic.review_id  GROUP BY review.review_id ORDER BY review.order_top desc,review.creation_time desc LIMIT 0,5   [ RunTime:0.001423s ]
SQL: SELECT COUNT(*) AS tp_count FROM `review` LIMIT 1   [ RunTime:0.000944s ]

[ 2014-12-01T00:17:05+08:00 ] 127.0.0.1 /review/index.php/Home/Review/searchReview//perpage/5/p//
INFO: [ app_init ] --START--
INFO: Run Behavior\BuildLiteBehavior [ RunTime:0.000055s ]
INFO: [ app_init ] --END-- [ RunTime:0.000437s ]
INFO: [ app_begin ] --START--
INFO: Run Behavior\ReadHtmlCacheBehavior [ RunTime:0.001642s ]
INFO: [ app_begin ] --END-- [ RunTime:0.001941s ]
SQL: SHOW COLUMNS FROM `review` [ RunTime:0.007423s ]
SQL: SHOW COLUMNS FROM `order_show_pic` [ RunTime:0.007080s ]
SQL: SELECT review.review_id,review.member_id,review.order_id,review.product_id,review.sale_prop,review.creation_time,review.comment,review.is_enabled,review.order_top,order_show_pic.url FROM `review` LEFT JOIN order_show_pic On review.review_id = order_show_pic.review_id  GROUP BY review.review_id ORDER BY review.order_top desc,review.creation_time desc LIMIT 0,5   [ RunTime:0.001311s ]
SQL: SELECT COUNT(*) AS tp_count FROM `review` LIMIT 1   [ RunTime:0.000591s ]

[ 2014-12-01T00:17:06+08:00 ] 127.0.0.1 /review/index.php/Home/Review/searchReview/perpage/5/p//
INFO: [ app_init ] --START--
INFO: Run Behavior\BuildLiteBehavior [ RunTime:0.000054s ]
INFO: [ app_init ] --END-- [ RunTime:0.000320s ]
INFO: [ app_begin ] --START--
INFO: Run Behavior\ReadHtmlCacheBehavior [ RunTime:0.001194s ]
INFO: [ app_begin ] --END-- [ RunTime:0.001481s ]
SQL: SHOW COLUMNS FROM `review` [ RunTime:0.007639s ]
SQL: SHOW COLUMNS FROM `order_show_pic` [ RunTime:0.008111s ]
SQL: SELECT review.review_id,review.member_id,review.order_id,review.product_id,review.sale_prop,review.creation_time,review.comment,review.is_enabled,review.order_top,order_show_pic.url FROM `review` LEFT JOIN order_show_pic On review.review_id = order_show_pic.review_id  GROUP BY review.review_id ORDER BY review.order_top desc,review.creation_time desc LIMIT 0,5   [ RunTime:0.001531s ]
SQL: SELECT COUNT(*) AS tp_count FROM `review` LIMIT 1   [ RunTime:0.000740s ]

[ 2014-12-01T00:17:08+08:00 ] 127.0.0.1 /review/index.php/Home/Review/getReview/review_id/
INFO: [ app_init ] --START--
INFO: Run Behavior\BuildLiteBehavior [ RunTime:0.000053s ]
INFO: [ app_init ] --END-- [ RunTime:0.000325s ]
INFO: [ app_begin ] --START--
INFO: Run Behavior\ReadHtmlCacheBehavior [ RunTime:0.001187s ]
INFO: [ app_begin ] --END-- [ RunTime:0.001481s ]
NOTIC: [8] Undefined index: review_id D:\practise\php\review\review\Home\Controller\ReviewController.class.php 第 293 行.

[ 2014-12-01T00:17:13+08:00 ] 127.0.0.1 /review/index.php/Home/Review/searchReview/perpage/5/p//
INFO: [ app_init ] --START--
INFO: Run Behavior\BuildLiteBehavior [ RunTime:0.000055s ]
INFO: [ app_init ] --END-- [ RunTime:0.000358s ]
INFO: [ app_begin ] --START--
INFO: Run Behavior\ReadHtmlCacheBehavior [ RunTime:0.002023s ]
INFO: [ app_begin ] --END-- [ RunTime:0.002359s ]
SQL: SHOW COLUMNS FROM `review` [ RunTime:0.008701s ]
SQL: SHOW COLUMNS FROM `order_show_pic` [ RunTime:0.008696s ]
SQL: SELECT review.review_id,review.member_id,review.order_id,review.product_id,review.sale_prop,review.creation_time,review.comment,review.is_enabled,review.order_top,order_show_pic.url FROM `review` LEFT JOIN order_show_pic On review.review_id = order_show_pic.review_id  GROUP BY review.review_id ORDER BY review.order_top desc,review.creation_time desc LIMIT 0,5   [ RunTime:0.001523s ]
SQL: SELECT COUNT(*) AS tp_count FROM `review` LIMIT 1   [ RunTime:0.001070s ]

[ 2014-12-01T00:17:49+08:00 ] 127.0.0.1 /review/index.php/Home/Review/searchReview/perpage/5/p//
INFO: [ app_init ] --START--
INFO: Run Behavior\BuildLiteBehavior [ RunTime:0.000054s ]
INFO: [ app_init ] --END-- [ RunTime:0.000357s ]
INFO: [ app_begin ] --START--
INFO: Run Behavior\ReadHtmlCacheBehavior [ RunTime:0.002288s ]
INFO: [ app_begin ] --END-- [ RunTime:0.002864s ]
SQL: SHOW COLUMNS FROM `review` [ RunTime:0.008254s ]
SQL: SHOW COLUMNS FROM `order_show_pic` [ RunTime:0.008104s ]
SQL: SELECT review.review_id,review.member_id,review.order_id,review.product_id,review.sale_prop,review.creation_time,review.comment,review.is_enabled,review.order_top,order_show_pic.url FROM `review` LEFT JOIN order_show_pic On review.review_id = order_show_pic.review_id  GROUP BY review.review_id ORDER BY review.order_top desc,review.creation_time desc LIMIT 0,5   [ RunTime:0.002356s ]
SQL: SELECT COUNT(*) AS tp_count FROM `review` LIMIT 1   [ RunTime:0.000814s ]

[ 2014-12-01T00:17:51+08:00 ] 127.0.0.1 /review/index.php/Home/Review/getReview/review_id/
INFO: [ app_init ] --START--
INFO: Run Behavior\BuildLiteBehavior [ RunTime:0.000053s ]
INFO: [ app_init ] --END-- [ RunTime:0.000358s ]
INFO: [ app_begin ] --START--
INFO: Run Behavior\ReadHtmlCacheBehavior [ RunTime:0.001800s ]
INFO: [ app_begin ] --END-- [ RunTime:0.002111s ]
NOTIC: [8] Undefined index: review_id D:\practise\php\review\review\Home\Controller\ReviewController.class.php 第 293 行.

[ 2014-12-01T00:17:54+08:00 ] 127.0.0.1 /review/index.php/Home/Review/searchReview/perpage/5/p//
INFO: [ app_init ] --START--
INFO: Run Behavior\BuildLiteBehavior [ RunTime:0.000061s ]
INFO: [ app_init ] --END-- [ RunTime:0.000378s ]
INFO: [ app_begin ] --START--
INFO: Run Behavior\ReadHtmlCacheBehavior [ RunTime:0.001197s ]
INFO: [ app_begin ] --END-- [ RunTime:0.001529s ]
SQL: SHOW COLUMNS FROM `review` [ RunTime:0.008509s ]
SQL: SHOW COLUMNS FROM `order_show_pic` [ RunTime:0.007702s ]
SQL: SELECT review.review_id,review.member_id,review.order_id,review.product_id,review.sale_prop,review.creation_time,review.comment,review.is_enabled,review.order_top,order_show_pic.url FROM `review` LEFT JOIN order_show_pic On review.review_id = order_show_pic.review_id  GROUP BY review.review_id ORDER BY review.order_top desc,review.creation_time desc LIMIT 0,5   [ RunTime:0.001472s ]
SQL: SELECT COUNT(*) AS tp_count FROM `review` LIMIT 1   [ RunTime:0.000529s ]

[ 2014-12-01T00:17:56+08:00 ] 127.0.0.1 /review/index.php/Home/Review/getReview/review_id/34
INFO: [ app_init ] --START--
INFO: Run Behavior\BuildLiteBehavior [ RunTime:0.000054s ]
INFO: [ app_init ] --END-- [ RunTime:0.000323s ]
INFO: [ app_begin ] --START--
INFO: Run Behavior\ReadHtmlCacheBehavior [ RunTime:0.001288s ]
INFO: [ app_begin ] --END-- [ RunTime:0.001589s ]
SQL: SHOW COLUMNS FROM `review` [ RunTime:0.009211s ]
SQL: SHOW COLUMNS FROM `order_show_pic` [ RunTime:0.008417s ]
SQL: SHOW COLUMNS FROM `tag` [ RunTime:0.007629s ]
SQL: SELECT COUNT(*) AS tp_count FROM `review` WHERE ( review.review_id=34 ) LIMIT 1   [ RunTime:0.000948s ]
SQL: SELECT review.review_id,review.member_id,review.order_id,review.product_id,review.sale_prop,review.creation_time,review.comment,review.score,review.is_enabled,review.order_top,order_show_pic.url,tag.tag_name FROM `order_show_pic` RIGHT JOIN review On review.review_id = order_show_pic.review_id LEFT JOIN tag On tag.review_id = review.review_id  WHERE ( review.review_id=34 )  [ RunTime:0.001381s ]

[ 2014-12-01T00:18:17+08:00 ] 127.0.0.1 /review/index.php/Home/Review/searchReview/perpage/5/p//
INFO: [ app_init ] --START--
INFO: Run Behavior\BuildLiteBehavior [ RunTime:0.000055s ]
INFO: [ app_init ] --END-- [ RunTime:0.000328s ]
INFO: [ app_begin ] --START--
INFO: Run Behavior\ReadHtmlCacheBehavior [ RunTime:0.001347s ]
INFO: [ app_begin ] --END-- [ RunTime:0.002225s ]
SQL: SHOW COLUMNS FROM `review` [ RunTime:0.007882s ]
SQL: SHOW COLUMNS FROM `order_show_pic` [ RunTime:0.008197s ]
SQL: SELECT review.review_id,review.member_id,review.order_id,review.product_id,review.sale_prop,review.creation_time,review.comment,review.is_enabled,review.order_top,order_show_pic.url FROM `review` LEFT JOIN order_show_pic On review.review_id = order_show_pic.review_id  GROUP BY review.review_id ORDER BY review.order_top desc,review.creation_time desc LIMIT 0,5   [ RunTime:0.001540s ]
SQL: SELECT COUNT(*) AS tp_count FROM `review` LIMIT 1   [ RunTime:0.000702s ]

[ 2014-12-01T00:18:18+08:00 ] 127.0.0.1 /review/index.php/Home/Review/getReview/review_id/34
INFO: [ app_init ] --START--
INFO: Run Behavior\BuildLiteBehavior [ RunTime:0.000055s ]
INFO: [ app_init ] --END-- [ RunTime:0.000344s ]
INFO: [ app_begin ] --START--
INFO: Run Behavior\ReadHtmlCacheBehavior [ RunTime:0.001344s ]
INFO: [ app_begin ] --END-- [ RunTime:0.001667s ]
SQL: SHOW COLUMNS FROM `review` [ RunTime:0.007070s ]
SQL: SHOW COLUMNS FROM `order_show_pic` [ RunTime:0.006600s ]
SQL: SHOW COLUMNS FROM `tag` [ RunTime:0.007685s ]
SQL: SELECT COUNT(*) AS tp_count FROM `review` WHERE ( review.review_id=34 ) LIMIT 1   [ RunTime:0.000584s ]
SQL: SELECT review.review_id,review.member_id,review.order_id,review.product_id,review.sale_prop,review.creation_time,review.comment,review.score,review.is_enabled,review.order_top,order_show_pic.url,tag.tag_name FROM `order_show_pic` RIGHT JOIN review On review.review_id = order_show_pic.review_id LEFT JOIN tag On tag.review_id = review.review_id  WHERE ( review.review_id=34 )  [ RunTime:0.000858s ]

[ 2014-12-01T00:18:37+08:00 ] 127.0.0.1 /review/index.php/Home/Review/searchReview/perpage/5/p//
INFO: [ app_init ] --START--
INFO: Run Behavior\BuildLiteBehavior [ RunTime:0.000057s ]
INFO: [ app_init ] --END-- [ RunTime:0.000345s ]
INFO: [ app_begin ] --START--
INFO: Run Behavior\ReadHtmlCacheBehavior [ RunTime:0.001343s ]
INFO: [ app_begin ] --END-- [ RunTime:0.001831s ]
SQL: SHOW COLUMNS FROM `review` [ RunTime:0.011944s ]
SQL: SHOW COLUMNS FROM `order_show_pic` [ RunTime:0.008567s ]
SQL: SELECT review.review_id,review.member_id,review.order_id,review.product_id,review.sale_prop,review.creation_time,review.comment,review.is_enabled,review.order_top,order_show_pic.url FROM `review` LEFT JOIN order_show_pic On review.review_id = order_show_pic.review_id  GROUP BY review.review_id ORDER BY review.order_top desc,review.creation_time desc LIMIT 0,5   [ RunTime:0.002324s ]
SQL: SELECT COUNT(*) AS tp_count FROM `review` LIMIT 1   [ RunTime:0.000733s ]

[ 2014-12-01T00:18:38+08:00 ] 127.0.0.1 /review/index.php/Home/Review/getReview/review_id/34
INFO: [ app_init ] --START--
INFO: Run Behavior\BuildLiteBehavior [ RunTime:0.000053s ]
INFO: [ app_init ] --END-- [ RunTime:0.000329s ]
INFO: [ app_begin ] --START--
INFO: Run Behavior\ReadHtmlCacheBehavior [ RunTime:0.001254s ]
INFO: [ app_begin ] --END-- [ RunTime:0.001578s ]
SQL: SHOW COLUMNS FROM `review` [ RunTime:0.007519s ]
SQL: SHOW COLUMNS FROM `order_show_pic` [ RunTime:0.007826s ]
SQL: SHOW COLUMNS FROM `tag` [ RunTime:0.008968s ]
SQL: SELECT COUNT(*) AS tp_count FROM `review` WHERE ( review.review_id=34 ) LIMIT 1   [ RunTime:0.000890s ]
SQL: SELECT review.review_id,review.member_id,review.order_id,review.product_id,review.sale_prop,review.creation_time,review.comment,review.score,review.is_enabled,review.order_top,order_show_pic.url,tag.tag_name FROM `order_show_pic` RIGHT JOIN review On review.review_id = order_show_pic.review_id LEFT JOIN tag On tag.review_id = review.review_id  WHERE ( review.review_id=34 )  [ RunTime:0.000818s ]

[ 2014-12-01T00:18:51+08:00 ] 127.0.0.1 /review/index.php/Home/Review/searchReview/perpage/5/p//
INFO: [ app_init ] --START--
INFO: Run Behavior\BuildLiteBehavior [ RunTime:0.000053s ]
INFO: [ app_init ] --END-- [ RunTime:0.000337s ]
INFO: [ app_begin ] --START--
INFO: Run Behavior\ReadHtmlCacheBehavior [ RunTime:0.001328s ]
INFO: [ app_begin ] --END-- [ RunTime:0.001703s ]
SQL: SHOW COLUMNS FROM `review` [ RunTime:0.007916s ]
SQL: SHOW COLUMNS FROM `order_show_pic` [ RunTime:0.007679s ]
SQL: SELECT review.review_id,review.member_id,review.order_id,review.product_id,review.sale_prop,review.creation_time,review.comment,review.is_enabled,review.order_top,order_show_pic.url FROM `review` LEFT JOIN order_show_pic On review.review_id = order_show_pic.review_id  GROUP BY review.review_id ORDER BY review.order_top desc,review.creation_time desc LIMIT 0,5   [ RunTime:0.001680s ]
SQL: SELECT COUNT(*) AS tp_count FROM `review` LIMIT 1   [ RunTime:0.000476s ]

[ 2014-12-01T00:19:13+08:00 ] 127.0.0.1 /review/index.php/Home/Review/searchReview/perpage/5/p//
INFO: [ app_init ] --START--
INFO: Run Behavior\BuildLiteBehavior [ RunTime:0.000055s ]
INFO: [ app_init ] --END-- [ RunTime:0.000343s ]
INFO: [ app_begin ] --START--
INFO: Run Behavior\ReadHtmlCacheBehavior [ RunTime:0.001648s ]
INFO: [ app_begin ] --END-- [ RunTime:0.001992s ]
SQL: SHOW COLUMNS FROM `review` [ RunTime:0.007648s ]
SQL: SHOW COLUMNS FROM `order_show_pic` [ RunTime:0.007736s ]
SQL: SELECT review.review_id,review.member_id,review.order_id,review.product_id,review.sale_prop,review.creation_time,review.comment,review.is_enabled,review.order_top,order_show_pic.url FROM `review` LEFT JOIN order_show_pic On review.review_id = order_show_pic.review_id  GROUP BY review.review_id ORDER BY review.order_top desc,review.creation_time desc LIMIT 0,5   [ RunTime:0.001412s ]
SQL: SELECT COUNT(*) AS tp_count FROM `review` LIMIT 1   [ RunTime:0.000530s ]

[ 2014-12-01T00:19:15+08:00 ] 127.0.0.1 /review/index.php/Home/Review/getReview/review_id/34
INFO: [ app_init ] --START--
INFO: Run Behavior\BuildLiteBehavior [ RunTime:0.000052s ]
INFO: [ app_init ] --END-- [ RunTime:0.000312s ]
INFO: [ app_begin ] --START--
INFO: Run Behavior\ReadHtmlCacheBehavior [ RunTime:0.001290s ]
INFO: [ app_begin ] --END-- [ RunTime:0.001589s ]
SQL: SHOW COLUMNS FROM `review` [ RunTime:0.007282s ]
SQL: SHOW COLUMNS FROM `order_show_pic` [ RunTime:0.007182s ]
SQL: SHOW COLUMNS FROM `tag` [ RunTime:0.007211s ]
SQL: SELECT COUNT(*) AS tp_count FROM `review` WHERE ( review.review_id=34 ) LIMIT 1   [ RunTime:0.000539s ]
SQL: SELECT review.review_id,review.member_id,review.order_id,review.product_id,review.sale_prop,review.creation_time,review.comment,review.score,review.is_enabled,review.order_top,order_show_pic.url,tag.tag_name FROM `order_show_pic` RIGHT JOIN review On review.review_id = order_show_pic.review_id LEFT JOIN tag On tag.review_id = review.review_id  WHERE ( review.review_id=34 )  [ RunTime:0.000799s ]

[ 2014-12-01T00:19:34+08:00 ] 127.0.0.1 /review/index.php/Home/Review/searchReview/perpage/5/p//
INFO: [ app_init ] --START--
INFO: Run Behavior\BuildLiteBehavior [ RunTime:0.000058s ]
INFO: [ app_init ] --END-- [ RunTime:0.000394s ]
INFO: [ app_begin ] --START--
INFO: Run Behavior\ReadHtmlCacheBehavior [ RunTime:0.001289s ]
INFO: [ app_begin ] --END-- [ RunTime:0.001648s ]
SQL: SHOW COLUMNS FROM `review` [ RunTime:0.012534s ]
SQL: SHOW COLUMNS FROM `order_show_pic` [ RunTime:0.008452s ]
SQL: SELECT review.review_id,review.member_id,review.order_id,review.product_id,review.sale_prop,review.creation_time,review.comment,review.is_enabled,review.order_top,order_show_pic.url FROM `review` LEFT JOIN order_show_pic On review.review_id = order_show_pic.review_id  GROUP BY review.review_id ORDER BY review.order_top desc,review.creation_time desc LIMIT 0,5   [ RunTime:0.002533s ]
SQL: SELECT COUNT(*) AS tp_count FROM `review` LIMIT 1   [ RunTime:0.002387s ]

[ 2014-12-01T00:19:36+08:00 ] 127.0.0.1 /review/index.php/Home/Review/getReview/review_id/34
INFO: [ app_init ] --START--
INFO: Run Behavior\BuildLiteBehavior [ RunTime:0.000053s ]
INFO: [ app_init ] --END-- [ RunTime:0.000334s ]
INFO: [ app_begin ] --START--
INFO: Run Behavior\ReadHtmlCacheBehavior [ RunTime:0.001184s ]
INFO: [ app_begin ] --END-- [ RunTime:0.001496s ]
SQL: SHOW COLUMNS FROM `review` [ RunTime:0.007444s ]
SQL: SHOW COLUMNS FROM `order_show_pic` [ RunTime:0.006765s ]
SQL: SHOW COLUMNS FROM `tag` [ RunTime:0.007072s ]
SQL: SELECT COUNT(*) AS tp_count FROM `review` WHERE ( review.review_id=34 ) LIMIT 1   [ RunTime:0.000494s ]
SQL: SELECT review.review_id,review.member_id,review.order_id,review.product_id,review.sale_prop,review.creation_time,review.comment,review.score,review.is_enabled,review.order_top,order_show_pic.url,tag.tag_name FROM `order_show_pic` RIGHT JOIN review On review.review_id = order_show_pic.review_id LEFT JOIN tag On tag.review_id = review.review_id  WHERE ( review.review_id=34 )  [ RunTime:0.000893s ]

[ 2014-12-01T00:19:39+08:00 ] 127.0.0.1 /review/index.php/Home/Review/getReview/review_id/
INFO: [ app_init ] --START--
INFO: Run Behavior\BuildLiteBehavior [ RunTime:0.000056s ]
INFO: [ app_init ] --END-- [ RunTime:0.000349s ]
INFO: [ app_begin ] --START--
INFO: Run Behavior\ReadHtmlCacheBehavior [ RunTime:0.001225s ]
INFO: [ app_begin ] --END-- [ RunTime:0.001556s ]
NOTIC: [8] Undefined index: review_id D:\practise\php\review\review\Home\Controller\ReviewController.class.php 第 293 行.

[ 2014-12-01T00:19:54+08:00 ] 127.0.0.1 /review/index.php/Home/Review/searchReview/perpage/5/p//
INFO: [ app_init ] --START--
INFO: Run Behavior\BuildLiteBehavior [ RunTime:0.000053s ]
INFO: [ app_init ] --END-- [ RunTime:0.000337s ]
INFO: [ app_begin ] --START--
INFO: Run Behavior\ReadHtmlCacheBehavior [ RunTime:0.001337s ]
INFO: [ app_begin ] --END-- [ RunTime:0.001664s ]
SQL: SHOW COLUMNS FROM `review` [ RunTime:0.009159s ]
SQL: SHOW COLUMNS FROM `order_show_pic` [ RunTime:0.008444s ]
SQL: SELECT review.review_id,review.member_id,review.order_id,review.product_id,review.sale_prop,review.creation_time,review.comment,review.is_enabled,review.order_top,order_show_pic.url FROM `review` LEFT JOIN order_show_pic On review.review_id = order_show_pic.review_id  GROUP BY review.review_id ORDER BY review.order_top desc,review.creation_time desc LIMIT 0,5   [ RunTime:0.001598s ]
SQL: SELECT COUNT(*) AS tp_count FROM `review` LIMIT 1   [ RunTime:0.000839s ]

[ 2014-12-01T00:19:55+08:00 ] 127.0.0.1 /review/index.php/Home/Review/getReview/review_id/
INFO: [ app_init ] --START--
INFO: Run Behavior\BuildLiteBehavior [ RunTime:0.000053s ]
INFO: [ app_init ] --END-- [ RunTime:0.000333s ]
INFO: [ app_begin ] --START--
INFO: Run Behavior\ReadHtmlCacheBehavior [ RunTime:0.001705s ]
INFO: [ app_begin ] --END-- [ RunTime:0.002032s ]
NOTIC: [8] Undefined index: review_id D:\practise\php\review\review\Home\Controller\ReviewController.class.php 第 293 行.

[ 2014-12-01T00:20:07+08:00 ] 127.0.0.1 /review/index.php/Home/Review/searchReview/perpage/5/p//
INFO: [ app_init ] --START--
INFO: Run Behavior\BuildLiteBehavior [ RunTime:0.000058s ]
INFO: [ app_init ] --END-- [ RunTime:0.000389s ]
INFO: [ app_begin ] --START--
INFO: Run Behavior\ReadHtmlCacheBehavior [ RunTime:0.001184s ]
INFO: [ app_begin ] --END-- [ RunTime:0.001486s ]
SQL: SHOW COLUMNS FROM `review` [ RunTime:0.007230s ]
SQL: SHOW COLUMNS FROM `order_show_pic` [ RunTime:0.007741s ]
SQL: SELECT review.review_id,review.member_id,review.order_id,review.product_id,review.sale_prop,review.creation_time,review.comment,review.is_enabled,review.order_top,order_show_pic.url FROM `review` LEFT JOIN order_show_pic On review.review_id = order_show_pic.review_id  GROUP BY review.review_id ORDER BY review.order_top desc,review.creation_time desc LIMIT 0,5   [ RunTime:0.001379s ]
SQL: SELECT COUNT(*) AS tp_count FROM `review` LIMIT 1   [ RunTime:0.000504s ]

[ 2014-12-01T00:20:09+08:00 ] 127.0.0.1 /review/index.php/Home/Review/getReview/review_id/34
INFO: [ app_init ] --START--
INFO: Run Behavior\BuildLiteBehavior [ RunTime:0.000055s ]
INFO: [ app_init ] --END-- [ RunTime:0.000360s ]
INFO: [ app_begin ] --START--
INFO: Run Behavior\ReadHtmlCacheBehavior [ RunTime:0.001183s ]
INFO: [ app_begin ] --END-- [ RunTime:0.001491s ]
SQL: SHOW COLUMNS FROM `review` [ RunTime:0.008282s ]
SQL: SHOW COLUMNS FROM `order_show_pic` [ RunTime:0.007370s ]
SQL: SHOW COLUMNS FROM `tag` [ RunTime:0.006923s ]
SQL: SELECT COUNT(*) AS tp_count FROM `review` WHERE ( review.review_id=34 ) LIMIT 1   [ RunTime:0.000499s ]
SQL: SELECT review.review_id,review.member_id,review.order_id,review.product_id,review.sale_prop,review.creation_time,review.comment,review.score,review.is_enabled,review.order_top,order_show_pic.url,tag.tag_name FROM `order_show_pic` RIGHT JOIN review On review.review_id = order_show_pic.review_id LEFT JOIN tag On tag.review_id = review.review_id  WHERE ( review.review_id=34 )  [ RunTime:0.000748s ]

[ 2014-12-01T00:20:11+08:00 ] 127.0.0.1 /review/index.php/Home/Review/getReview/review_id/
INFO: [ app_init ] --START--
INFO: Run Behavior\BuildLiteBehavior [ RunTime:0.000052s ]
INFO: [ app_init ] --END-- [ RunTime:0.000331s ]
INFO: [ app_begin ] --START--
INFO: Run Behavior\ReadHtmlCacheBehavior [ RunTime:0.001448s ]
INFO: [ app_begin ] --END-- [ RunTime:0.001793s ]
NOTIC: [8] Undefined index: review_id D:\practise\php\review\review\Home\Controller\ReviewController.class.php 第 293 行.

[ 2014-12-01T00:23:09+08:00 ] 127.0.0.1 /review/index.php/Home/Review/searchReview/perpage/5/p//
INFO: [ app_init ] --START--
INFO: Run Behavior\BuildLiteBehavior [ RunTime:0.000055s ]
INFO: [ app_init ] --END-- [ RunTime:0.000436s ]
INFO: [ app_begin ] --START--
INFO: Run Behavior\ReadHtmlCacheBehavior [ RunTime:0.002240s ]
INFO: [ app_begin ] --END-- [ RunTime:0.002677s ]
SQL: SHOW COLUMNS FROM `review` [ RunTime:0.008730s ]
SQL: SHOW COLUMNS FROM `order_show_pic` [ RunTime:0.008628s ]
SQL: SELECT review.review_id,review.member_id,review.order_id,review.product_id,review.sale_prop,review.creation_time,review.comment,review.is_enabled,review.order_top,order_show_pic.url FROM `review` LEFT JOIN order_show_pic On review.review_id = order_show_pic.review_id  GROUP BY review.review_id ORDER BY review.order_top desc,review.creation_time desc LIMIT 0,5   [ RunTime:0.001406s ]
SQL: SELECT COUNT(*) AS tp_count FROM `review` LIMIT 1   [ RunTime:0.001001s ]

[ 2014-12-01T00:23:10+08:00 ] 127.0.0.1 /review/index.php/Home/Review/getReview/review_id/
INFO: [ app_init ] --START--
INFO: Run Behavior\BuildLiteBehavior [ RunTime:0.000054s ]
INFO: [ app_init ] --END-- [ RunTime:0.000426s ]
INFO: [ app_begin ] --START--
INFO: Run Behavior\ReadHtmlCacheBehavior [ RunTime:0.001741s ]
INFO: [ app_begin ] --END-- [ RunTime:0.002082s ]
NOTIC: [8] Undefined index: review_id D:\practise\php\review\review\Home\Controller\ReviewController.class.php 第 293 行.

[ 2014-12-01T00:23:15+08:00 ] 127.0.0.1 /review/index.php/Home/Review/getReview/review_id/34
INFO: [ app_init ] --START--
INFO: Run Behavior\BuildLiteBehavior [ RunTime:0.000055s ]
INFO: [ app_init ] --END-- [ RunTime:0.000346s ]
INFO: [ app_begin ] --START--
INFO: Run Behavior\ReadHtmlCacheBehavior [ RunTime:0.001927s ]
INFO: [ app_begin ] --END-- [ RunTime:0.002233s ]
SQL: SHOW COLUMNS FROM `review` [ RunTime:0.007559s ]
SQL: SHOW COLUMNS FROM `order_show_pic` [ RunTime:0.007174s ]
SQL: SHOW COLUMNS FROM `tag` [ RunTime:0.007096s ]
SQL: SELECT COUNT(*) AS tp_count FROM `review` WHERE ( review.review_id=34 ) LIMIT 1   [ RunTime:0.000501s ]
SQL: SELECT review.review_id,review.member_id,review.order_id,review.product_id,review.sale_prop,review.creation_time,review.comment,review.score,review.is_enabled,review.order_top,order_show_pic.url,tag.tag_name FROM `order_show_pic` RIGHT JOIN review On review.review_id = order_show_pic.review_id LEFT JOIN tag On tag.review_id = review.review_id  WHERE ( review.review_id=34 )  [ RunTime:0.000583s ]

[ 2014-12-01T00:23:17+08:00 ] 127.0.0.1 /review/index.php/Home/Review/getReview/review_id/
INFO: [ app_init ] --START--
INFO: Run Behavior\BuildLiteBehavior [ RunTime:0.000053s ]
INFO: [ app_init ] --END-- [ RunTime:0.000324s ]
INFO: [ app_begin ] --START--
INFO: Run Behavior\ReadHtmlCacheBehavior [ RunTime:0.001809s ]
INFO: [ app_begin ] --END-- [ RunTime:0.002109s ]
NOTIC: [8] Undefined index: review_id D:\practise\php\review\review\Home\Controller\ReviewController.class.php 第 293 行.

[ 2014-12-01T00:24:21+08:00 ] 127.0.0.1 /review/index.php/Home/Review/searchReview/perpage/5/p//
INFO: [ app_init ] --START--
INFO: Run Behavior\BuildLiteBehavior [ RunTime:0.000056s ]
INFO: [ app_init ] --END-- [ RunTime:0.000512s ]
INFO: [ app_begin ] --START--
INFO: Run Behavior\ReadHtmlCacheBehavior [ RunTime:0.001365s ]
INFO: [ app_begin ] --END-- [ RunTime:0.001703s ]
SQL: SHOW COLUMNS FROM `review` [ RunTime:0.008235s ]
SQL: SHOW COLUMNS FROM `order_show_pic` [ RunTime:0.007814s ]
SQL: SELECT review.review_id,review.member_id,review.order_id,review.product_id,review.sale_prop,review.creation_time,review.comment,review.is_enabled,review.order_top,order_show_pic.url FROM `review` LEFT JOIN order_show_pic On review.review_id = order_show_pic.review_id  GROUP BY review.review_id ORDER BY review.order_top desc,review.creation_time desc LIMIT 0,5   [ RunTime:0.001356s ]
SQL: SELECT COUNT(*) AS tp_count FROM `review` LIMIT 1   [ RunTime:0.001042s ]

[ 2014-12-01T00:24:22+08:00 ] 127.0.0.1 /review/index.php/Home/Review/getReview/review_id/
INFO: [ app_init ] --START--
INFO: Run Behavior\BuildLiteBehavior [ RunTime:0.000053s ]
INFO: [ app_init ] --END-- [ RunTime:0.000327s ]
INFO: [ app_begin ] --START--
INFO: Run Behavior\ReadHtmlCacheBehavior [ RunTime:0.001181s ]
INFO: [ app_begin ] --END-- [ RunTime:0.001469s ]
NOTIC: [8] Undefined index: review_id D:\practise\php\review\review\Home\Controller\ReviewController.class.php 第 293 行.

[ 2014-12-01T00:24:34+08:00 ] 127.0.0.1 /review/index.php/Home/Review/searchReview/perpage/5/p//
INFO: [ app_init ] --START--
INFO: Run Behavior\BuildLiteBehavior [ RunTime:0.000054s ]
INFO: [ app_init ] --END-- [ RunTime:0.000324s ]
INFO: [ app_begin ] --START--
INFO: Run Behavior\ReadHtmlCacheBehavior [ RunTime:0.001199s ]
INFO: [ app_begin ] --END-- [ RunTime:0.001506s ]
SQL: SHOW COLUMNS FROM `review` [ RunTime:0.009862s ]
SQL: SHOW COLUMNS FROM `order_show_pic` [ RunTime:0.011748s ]
SQL: SELECT review.review_id,review.member_id,review.order_id,review.product_id,review.sale_prop,review.creation_time,review.comment,review.is_enabled,review.order_top,order_show_pic.url FROM `review` LEFT JOIN order_show_pic On review.review_id = order_show_pic.review_id  GROUP BY review.review_id ORDER BY review.order_top desc,review.creation_time desc LIMIT 0,5   [ RunTime:0.002677s ]
SQL: SELECT COUNT(*) AS tp_count FROM `review` LIMIT 1   [ RunTime:0.001003s ]

[ 2014-12-01T00:24:35+08:00 ] 127.0.0.1 /review/index.php/Home/Review/getReview/review_id/
INFO: [ app_init ] --START--
INFO: Run Behavior\BuildLiteBehavior [ RunTime:0.000058s ]
INFO: [ app_init ] --END-- [ RunTime:0.000396s ]
INFO: [ app_begin ] --START--
INFO: Run Behavior\ReadHtmlCacheBehavior [ RunTime:0.001220s ]
INFO: [ app_begin ] --END-- [ RunTime:0.001537s ]
NOTIC: [8] Undefined index: review_id D:\practise\php\review\review\Home\Controller\ReviewController.class.php 第 293 行.

[ 2014-12-01T00:24:44+08:00 ] 127.0.0.1 /review/index.php/Home/Review/searchReview/perpage/5/p//
INFO: [ app_init ] --START--
INFO: Run Behavior\BuildLiteBehavior [ RunTime:0.000112s ]
INFO: [ app_init ] --END-- [ RunTime:0.000417s ]
INFO: [ app_begin ] --START--
INFO: Run Behavior\ReadHtmlCacheBehavior [ RunTime:0.001467s ]
INFO: [ app_begin ] --END-- [ RunTime:0.001925s ]
SQL: SHOW COLUMNS FROM `review` [ RunTime:0.009315s ]
SQL: SHOW COLUMNS FROM `order_show_pic` [ RunTime:0.008329s ]
SQL: SELECT review.review_id,review.member_id,review.order_id,review.product_id,review.sale_prop,review.creation_time,review.comment,review.is_enabled,review.order_top,order_show_pic.url FROM `review` LEFT JOIN order_show_pic On review.review_id = order_show_pic.review_id  GROUP BY review.review_id ORDER BY review.order_top desc,review.creation_time desc LIMIT 0,5   [ RunTime:0.001662s ]
SQL: SELECT COUNT(*) AS tp_count FROM `review` LIMIT 1   [ RunTime:0.000554s ]

[ 2014-12-01T00:24:47+08:00 ] 127.0.0.1 /review/index.php/Home/Review/getReview/review_id/
INFO: [ app_init ] --START--
INFO: Run Behavior\BuildLiteBehavior [ RunTime:0.000055s ]
INFO: [ app_init ] --END-- [ RunTime:0.000368s ]
INFO: [ app_begin ] --START--
INFO: Run Behavior\ReadHtmlCacheBehavior [ RunTime:0.001252s ]
INFO: [ app_begin ] --END-- [ RunTime:0.001555s ]
NOTIC: [8] Undefined index: review_id D:\practise\php\review\review\Home\Controller\ReviewController.class.php 第 293 行.

[ 2014-12-01T00:24:55+08:00 ] 127.0.0.1 /review/index.php/Home/Review/searchReview/perpage/5/p//
INFO: [ app_init ] --START--
INFO: Run Behavior\BuildLiteBehavior [ RunTime:0.000057s ]
INFO: [ app_init ] --END-- [ RunTime:0.000678s ]
INFO: [ app_begin ] --START--
INFO: Run Behavior\ReadHtmlCacheBehavior [ RunTime:0.001239s ]
INFO: [ app_begin ] --END-- [ RunTime:0.001551s ]
SQL: SHOW COLUMNS FROM `review` [ RunTime:0.008567s ]
SQL: SHOW COLUMNS FROM `order_show_pic` [ RunTime:0.008291s ]
SQL: SELECT review.review_id,review.member_id,review.order_id,review.product_id,review.sale_prop,review.creation_time,review.comment,review.is_enabled,review.order_top,order_show_pic.url FROM `review` LEFT JOIN order_show_pic On review.review_id = order_show_pic.review_id  GROUP BY review.review_id ORDER BY review.order_top desc,review.creation_time desc LIMIT 0,5   [ RunTime:0.002004s ]
SQL: SELECT COUNT(*) AS tp_count FROM `review` LIMIT 1   [ RunTime:0.000503s ]

[ 2014-12-01T00:24:56+08:00 ] 127.0.0.1 /review/index.php/Home/Review/getReview/review_id/
INFO: [ app_init ] --START--
INFO: Run Behavior\BuildLiteBehavior [ RunTime:0.000052s ]
INFO: [ app_init ] --END-- [ RunTime:0.000335s ]
INFO: [ app_begin ] --START--
INFO: Run Behavior\ReadHtmlCacheBehavior [ RunTime:0.001284s ]
INFO: [ app_begin ] --END-- [ RunTime:0.001601s ]
NOTIC: [8] Undefined index: review_id D:\practise\php\review\review\Home\Controller\ReviewController.class.php 第 293 行.

[ 2014-12-01T00:25:01+08:00 ] 127.0.0.1 /review/index.php/Home/Review/getReview/review_id/34
INFO: [ app_init ] --START--
INFO: Run Behavior\BuildLiteBehavior [ RunTime:0.000053s ]
INFO: [ app_init ] --END-- [ RunTime:0.000340s ]
INFO: [ app_begin ] --START--
INFO: Run Behavior\ReadHtmlCacheBehavior [ RunTime:0.001233s ]
INFO: [ app_begin ] --END-- [ RunTime:0.001545s ]
SQL: SHOW COLUMNS FROM `review` [ RunTime:0.007211s ]
SQL: SHOW COLUMNS FROM `order_show_pic` [ RunTime:0.006986s ]
SQL: SHOW COLUMNS FROM `tag` [ RunTime:0.006877s ]
SQL: SELECT COUNT(*) AS tp_count FROM `review` WHERE ( review.review_id=34 ) LIMIT 1   [ RunTime:0.000468s ]
SQL: SELECT review.review_id,review.member_id,review.order_id,review.product_id,review.sale_prop,review.creation_time,review.comment,review.score,review.is_enabled,review.order_top,order_show_pic.url,tag.tag_name FROM `order_show_pic` RIGHT JOIN review On review.review_id = order_show_pic.review_id LEFT JOIN tag On tag.review_id = review.review_id  WHERE ( review.review_id=34 )  [ RunTime:0.001298s ]

[ 2014-12-01T00:25:03+08:00 ] 127.0.0.1 /review/index.php/Home/Review/getReview/review_id/
INFO: [ app_init ] --START--
INFO: Run Behavior\BuildLiteBehavior [ RunTime:0.000058s ]
INFO: [ app_init ] --END-- [ RunTime:0.000396s ]
INFO: [ app_begin ] --START--
INFO: Run Behavior\ReadHtmlCacheBehavior [ RunTime:0.001800s ]
INFO: [ app_begin ] --END-- [ RunTime:0.002110s ]
NOTIC: [8] Undefined index: review_id D:\practise\php\review\review\Home\Controller\ReviewController.class.php 第 293 行.

[ 2014-12-01T00:27:17+08:00 ] 127.0.0.1 /review/index.php/Home/Review/searchReview/perpage/5/p//
INFO: [ app_init ] --START--
INFO: Run Behavior\BuildLiteBehavior [ RunTime:0.000059s ]
INFO: [ app_init ] --END-- [ RunTime:0.000371s ]
INFO: [ app_begin ] --START--
INFO: Run Behavior\ReadHtmlCacheBehavior [ RunTime:0.001635s ]
INFO: [ app_begin ] --END-- [ RunTime:0.001955s ]
SQL: SHOW COLUMNS FROM `review` [ RunTime:0.008778s ]
SQL: SHOW COLUMNS FROM `order_show_pic` [ RunTime:0.007720s ]
SQL: SELECT review.review_id,review.member_id,review.order_id,review.product_id,review.sale_prop,review.creation_time,review.comment,review.is_enabled,review.order_top,order_show_pic.url FROM `review` LEFT JOIN order_show_pic On review.review_id = order_show_pic.review_id  GROUP BY review.review_id ORDER BY review.order_top desc,review.creation_time desc LIMIT 0,5   [ RunTime:0.001318s ]
SQL: SELECT COUNT(*) AS tp_count FROM `review` LIMIT 1   [ RunTime:0.000487s ]

[ 2014-12-01T00:27:18+08:00 ] 127.0.0.1 /review/index.php/Home/Review/searchReview/perpage/5/p//
INFO: [ app_init ] --START--
INFO: Run Behavior\BuildLiteBehavior [ RunTime:0.000053s ]
INFO: [ app_init ] --END-- [ RunTime:0.000356s ]
INFO: [ app_begin ] --START--
INFO: Run Behavior\ReadHtmlCacheBehavior [ RunTime:0.001238s ]
INFO: [ app_begin ] --END-- [ RunTime:0.001550s ]
SQL: SHOW COLUMNS FROM `review` [ RunTime:0.008260s ]
SQL: SHOW COLUMNS FROM `order_show_pic` [ RunTime:0.012739s ]
SQL: SELECT review.review_id,review.member_id,review.order_id,review.product_id,review.sale_prop,review.creation_time,review.comment,review.is_enabled,review.order_top,order_show_pic.url FROM `review` LEFT JOIN order_show_pic On review.review_id = order_show_pic.review_id  GROUP BY review.review_id ORDER BY review.order_top desc,review.creation_time desc LIMIT 0,5   [ RunTime:0.001526s ]
SQL: SELECT COUNT(*) AS tp_count FROM `review` LIMIT 1   [ RunTime:0.001363s ]

[ 2014-12-01T00:27:19+08:00 ] 127.0.0.1 /review/index.php/Home/Review/searchReview/perpage/5/p//
INFO: [ app_init ] --START--
INFO: Run Behavior\BuildLiteBehavior [ RunTime:0.000087s ]
INFO: [ app_init ] --END-- [ RunTime:0.000500s ]
INFO: [ app_begin ] --START--
INFO: Run Behavior\ReadHtmlCacheBehavior [ RunTime:0.001335s ]
INFO: [ app_begin ] --END-- [ RunTime:0.001665s ]
SQL: SHOW COLUMNS FROM `review` [ RunTime:0.011647s ]
SQL: SHOW COLUMNS FROM `order_show_pic` [ RunTime:0.013114s ]
SQL: SELECT review.review_id,review.member_id,review.order_id,review.product_id,review.sale_prop,review.creation_time,review.comment,review.is_enabled,review.order_top,order_show_pic.url FROM `review` LEFT JOIN order_show_pic On review.review_id = order_show_pic.review_id  GROUP BY review.review_id ORDER BY review.order_top desc,review.creation_time desc LIMIT 0,5   [ RunTime:0.001773s ]
SQL: SELECT COUNT(*) AS tp_count FROM `review` LIMIT 1   [ RunTime:0.000826s ]

[ 2014-12-01T00:27:19+08:00 ] 127.0.0.1 /review/index.php/Home/Review/searchReview/perpage/5/p//
INFO: [ app_init ] --START--
INFO: Run Behavior\BuildLiteBehavior [ RunTime:0.000170s ]
INFO: [ app_init ] --END-- [ RunTime:0.000520s ]
INFO: [ app_begin ] --START--
INFO: Run Behavior\ReadHtmlCacheBehavior [ RunTime:0.002098s ]
INFO: [ app_begin ] --END-- [ RunTime:0.002452s ]
SQL: SHOW COLUMNS FROM `review` [ RunTime:0.013056s ]
SQL: SHOW COLUMNS FROM `order_show_pic` [ RunTime:0.007235s ]
SQL: SELECT review.review_id,review.member_id,review.order_id,review.product_id,review.sale_prop,review.creation_time,review.comment,review.is_enabled,review.order_top,order_show_pic.url FROM `review` LEFT JOIN order_show_pic On review.review_id = order_show_pic.review_id  GROUP BY review.review_id ORDER BY review.order_top desc,review.creation_time desc LIMIT 0,5   [ RunTime:0.001450s ]
SQL: SELECT COUNT(*) AS tp_count FROM `review` LIMIT 1   [ RunTime:0.000556s ]

[ 2014-12-01T00:27:20+08:00 ] 127.0.0.1 /review/index.php/Home/Review/getReview/review_id/
INFO: [ app_init ] --START--
INFO: Run Behavior\BuildLiteBehavior [ RunTime:0.000057s ]
INFO: [ app_init ] --END-- [ RunTime:0.000558s ]
INFO: [ app_begin ] --START--
INFO: Run Behavior\ReadHtmlCacheBehavior [ RunTime:0.001312s ]
INFO: [ app_begin ] --END-- [ RunTime:0.001647s ]
NOTIC: [8] Undefined index: review_id D:\practise\php\review\review\Home\Controller\ReviewController.class.php 第 293 行.

[ 2014-12-01T00:37:15+08:00 ] 127.0.0.1 /review/index.php/Home/Review/searchReview/perpage/5/p//
INFO: [ app_init ] --START--
INFO: Run Behavior\BuildLiteBehavior [ RunTime:0.000057s ]
INFO: [ app_init ] --END-- [ RunTime:0.000371s ]
INFO: [ app_begin ] --START--
INFO: Run Behavior\ReadHtmlCacheBehavior [ RunTime:0.001665s ]
INFO: [ app_begin ] --END-- [ RunTime:0.001963s ]
SQL: SHOW COLUMNS FROM `review` [ RunTime:0.007790s ]
SQL: SHOW COLUMNS FROM `order_show_pic` [ RunTime:0.009963s ]
SQL: SELECT review.review_id,review.member_id,review.order_id,review.product_id,review.sale_prop,review.creation_time,review.comment,review.is_enabled,review.order_top,order_show_pic.url FROM `review` LEFT JOIN order_show_pic On review.review_id = order_show_pic.review_id  GROUP BY review.review_id ORDER BY review.order_top desc,review.creation_time desc LIMIT 0,5   [ RunTime:0.001415s ]
SQL: SELECT COUNT(*) AS tp_count FROM `review` LIMIT 1   [ RunTime:0.000554s ]

[ 2014-12-01T00:37:16+08:00 ] 127.0.0.1 /review/index.php/Home/Review/getReview/review_id/
INFO: [ app_init ] --START--
INFO: Run Behavior\BuildLiteBehavior [ RunTime:0.000052s ]
INFO: [ app_init ] --END-- [ RunTime:0.000333s ]
INFO: [ app_begin ] --START--
INFO: Run Behavior\ReadHtmlCacheBehavior [ RunTime:0.001186s ]
INFO: [ app_begin ] --END-- [ RunTime:0.001665s ]
NOTIC: [8] Undefined index: review_id D:\practise\php\review\review\Home\Controller\ReviewController.class.php 第 293 行.

[ 2014-12-01T00:38:31+08:00 ] 127.0.0.1 /review/index.php/Home/Review/searchReview/perpage/5/p//
INFO: [ app_init ] --START--
INFO: Run Behavior\BuildLiteBehavior [ RunTime:0.000056s ]
INFO: [ app_init ] --END-- [ RunTime:0.000342s ]
INFO: [ app_begin ] --START--
INFO: Run Behavior\ReadHtmlCacheBehavior [ RunTime:0.001346s ]
INFO: [ app_begin ] --END-- [ RunTime:0.001676s ]
SQL: SHOW COLUMNS FROM `review` [ RunTime:0.009026s ]
SQL: SHOW COLUMNS FROM `order_show_pic` [ RunTime:0.009078s ]
SQL: SELECT review.review_id,review.member_id,review.order_id,review.product_id,review.sale_prop,review.creation_time,review.comment,review.is_enabled,review.order_top,order_show_pic.url FROM `review` LEFT JOIN order_show_pic On review.review_id = order_show_pic.review_id  GROUP BY review.review_id ORDER BY review.order_top desc,review.creation_time desc LIMIT 0,5   [ RunTime:0.001441s ]
SQL: SELECT COUNT(*) AS tp_count FROM `review` LIMIT 1   [ RunTime:0.000503s ]

[ 2014-12-01T00:38:32+08:00 ] 127.0.0.1 /review/index.php/Home/Review/getReview/review_id/
INFO: [ app_init ] --START--
INFO: Run Behavior\BuildLiteBehavior [ RunTime:0.000061s ]
INFO: [ app_init ] --END-- [ RunTime:0.000331s ]
INFO: [ app_begin ] --START--
INFO: Run Behavior\ReadHtmlCacheBehavior [ RunTime:0.001291s ]
INFO: [ app_begin ] --END-- [ RunTime:0.001586s ]
NOTIC: [8] Undefined index: review_id D:\practise\php\review\review\Home\Controller\ReviewController.class.php 第 293 行.

[ 2014-12-01T00:39:01+08:00 ] 127.0.0.1 /review/index.php/Home/Review/getReview/review_id/
INFO: [ app_init ] --START--
INFO: Run Behavior\BuildLiteBehavior [ RunTime:0.000055s ]
INFO: [ app_init ] --END-- [ RunTime:0.000335s ]
INFO: [ app_begin ] --START--
INFO: Run Behavior\ReadHtmlCacheBehavior [ RunTime:0.002180s ]
INFO: [ app_begin ] --END-- [ RunTime:0.002526s ]
NOTIC: [8] Undefined index: review_id D:\practise\php\review\review\Home\Controller\ReviewController.class.php 第 293 行.

[ 2014-12-01T00:41:28+08:00 ] 127.0.0.1 /review/index.php/Home/Review/getReview/review_id/29
INFO: [ app_init ] --START--
INFO: Run Behavior\BuildLiteBehavior [ RunTime:0.000054s ]
INFO: [ app_init ] --END-- [ RunTime:0.000338s ]
INFO: [ app_begin ] --START--
INFO: Run Behavior\ReadHtmlCacheBehavior [ RunTime:0.002333s ]
INFO: [ app_begin ] --END-- [ RunTime:0.002646s ]
SQL: SHOW COLUMNS FROM `review` [ RunTime:0.007959s ]
SQL: SHOW COLUMNS FROM `order_show_pic` [ RunTime:0.006988s ]
SQL: SHOW COLUMNS FROM `tag` [ RunTime:0.007758s ]
SQL: SELECT COUNT(*) AS tp_count FROM `review` WHERE ( review.review_id=29 ) LIMIT 1   [ RunTime:0.000636s ]
SQL: SELECT review.review_id,review.member_id,review.order_id,review.product_id,review.sale_prop,review.creation_time,review.comment,review.score,review.is_enabled,review.order_top,order_show_pic.url,tag.tag_name FROM `order_show_pic` RIGHT JOIN review On review.review_id = order_show_pic.review_id LEFT JOIN tag On tag.review_id = review.review_id  WHERE ( review.review_id=29 )  [ RunTime:0.000590s ]

[ 2014-12-01T00:41:30+08:00 ] 127.0.0.1 /review/index.php/Home/Review/getReview/review_id/34
INFO: [ app_init ] --START--
INFO: Run Behavior\BuildLiteBehavior [ RunTime:0.000054s ]
INFO: [ app_init ] --END-- [ RunTime:0.000340s ]
INFO: [ app_begin ] --START--
INFO: Run Behavior\ReadHtmlCacheBehavior [ RunTime:0.002165s ]
INFO: [ app_begin ] --END-- [ RunTime:0.002488s ]
SQL: SHOW COLUMNS FROM `review` [ RunTime:0.007488s ]
SQL: SHOW COLUMNS FROM `order_show_pic` [ RunTime:0.007412s ]
SQL: SHOW COLUMNS FROM `tag` [ RunTime:0.009378s ]
SQL: SELECT COUNT(*) AS tp_count FROM `review` WHERE ( review.review_id=34 ) LIMIT 1   [ RunTime:0.000667s ]
SQL: SELECT review.review_id,review.member_id,review.order_id,review.product_id,review.sale_prop,review.creation_time,review.comment,review.score,review.is_enabled,review.order_top,order_show_pic.url,tag.tag_name FROM `order_show_pic` RIGHT JOIN review On review.review_id = order_show_pic.review_id LEFT JOIN tag On tag.review_id = review.review_id  WHERE ( review.review_id=34 )  [ RunTime:0.000920s ]

[ 2014-12-01T00:42:35+08:00 ] 127.0.0.1 /review/index.php/Home/Review/getReview/review_id/
INFO: [ app_init ] --START--
INFO: Run Behavior\BuildLiteBehavior [ RunTime:0.000055s ]
INFO: [ app_init ] --END-- [ RunTime:0.000334s ]
INFO: [ app_begin ] --START--
INFO: Run Behavior\ReadHtmlCacheBehavior [ RunTime:0.001736s ]
INFO: [ app_begin ] --END-- [ RunTime:0.002042s ]
NOTIC: [8] Undefined index: review_id D:\practise\php\review\review\Home\Controller\ReviewController.class.php 第 293 行.

[ 2014-12-01T00:42:59+08:00 ] 127.0.0.1 /review/index.php/Home/Review/searchReview/perpage/5/p//
INFO: [ app_init ] --START--
INFO: Run Behavior\BuildLiteBehavior [ RunTime:0.000053s ]
INFO: [ app_init ] --END-- [ RunTime:0.000345s ]
INFO: [ app_begin ] --START--
INFO: Run Behavior\ReadHtmlCacheBehavior [ RunTime:0.001638s ]
INFO: [ app_begin ] --END-- [ RunTime:0.001966s ]
SQL: SHOW COLUMNS FROM `review` [ RunTime:0.009028s ]
SQL: SHOW COLUMNS FROM `order_show_pic` [ RunTime:0.008131s ]
SQL: SELECT review.review_id,review.member_id,review.order_id,review.product_id,review.sale_prop,review.creation_time,review.comment,review.is_enabled,review.order_top,order_show_pic.url FROM `review` LEFT JOIN order_show_pic On review.review_id = order_show_pic.review_id  GROUP BY review.review_id ORDER BY review.order_top desc,review.creation_time desc LIMIT 0,5   [ RunTime:0.001524s ]
SQL: SELECT COUNT(*) AS tp_count FROM `review` LIMIT 1   [ RunTime:0.000455s ]

[ 2014-12-01T00:43:01+08:00 ] 127.0.0.1 /review/index.php/Home/Review/getReview/review_id/34
INFO: [ app_init ] --START--
INFO: Run Behavior\BuildLiteBehavior [ RunTime:0.000052s ]
INFO: [ app_init ] --END-- [ RunTime:0.000312s ]
INFO: [ app_begin ] --START--
INFO: Run Behavior\ReadHtmlCacheBehavior [ RunTime:0.001132s ]
INFO: [ app_begin ] --END-- [ RunTime:0.001417s ]
SQL: SHOW COLUMNS FROM `review` [ RunTime:0.007319s ]
SQL: SHOW COLUMNS FROM `order_show_pic` [ RunTime:0.007159s ]
SQL: SHOW COLUMNS FROM `tag` [ RunTime:0.007804s ]
SQL: SELECT COUNT(*) AS tp_count FROM `review` WHERE ( review.review_id=34 ) LIMIT 1   [ RunTime:0.000465s ]
SQL: SELECT review.review_id,review.member_id,review.order_id,review.product_id,review.sale_prop,review.creation_time,review.comment,review.score,review.is_enabled,review.order_top,order_show_pic.url,tag.tag_name FROM `order_show_pic` RIGHT JOIN review On review.review_id = order_show_pic.review_id LEFT JOIN tag On tag.review_id = review.review_id  WHERE ( review.review_id=34 )  [ RunTime:0.000590s ]

[ 2014-12-01T00:43:02+08:00 ] 127.0.0.1 /review/index.php/Home/Review/getReview/review_id/29
INFO: [ app_init ] --START--
INFO: Run Behavior\BuildLiteBehavior [ RunTime:0.000054s ]
INFO: [ app_init ] --END-- [ RunTime:0.000321s ]
INFO: [ app_begin ] --START--
INFO: Run Behavior\ReadHtmlCacheBehavior [ RunTime:0.001159s ]
INFO: [ app_begin ] --END-- [ RunTime:0.001450s ]
SQL: SHOW COLUMNS FROM `review` [ RunTime:0.007692s ]
SQL: SHOW COLUMNS FROM `order_show_pic` [ RunTime:0.008182s ]
SQL: SHOW COLUMNS FROM `tag` [ RunTime:0.007434s ]
SQL: SELECT COUNT(*) AS tp_count FROM `review` WHERE ( review.review_id=29 ) LIMIT 1   [ RunTime:0.000648s ]
SQL: SELECT review.review_id,review.member_id,review.order_id,review.product_id,review.sale_prop,review.creation_time,review.comment,review.score,review.is_enabled,review.order_top,order_show_pic.url,tag.tag_name FROM `order_show_pic` RIGHT JOIN review On review.review_id = order_show_pic.review_id LEFT JOIN tag On tag.review_id = review.review_id  WHERE ( review.review_id=29 )  [ RunTime:0.000585s ]

[ 2014-12-01T00:43:05+08:00 ] 127.0.0.1 /review/index.php/Home/Review/getReview/review_id/10
INFO: [ app_init ] --START--
INFO: Run Behavior\BuildLiteBehavior [ RunTime:0.000058s ]
INFO: [ app_init ] --END-- [ RunTime:0.000364s ]
INFO: [ app_begin ] --START--
INFO: Run Behavior\ReadHtmlCacheBehavior [ RunTime:0.002034s ]
INFO: [ app_begin ] --END-- [ RunTime:0.002381s ]
SQL: SHOW COLUMNS FROM `review` [ RunTime:0.007685s ]
SQL: SHOW COLUMNS FROM `order_show_pic` [ RunTime:0.008612s ]
SQL: SHOW COLUMNS FROM `tag` [ RunTime:0.008741s ]
SQL: SELECT COUNT(*) AS tp_count FROM `review` WHERE ( review.review_id=10 ) LIMIT 1   [ RunTime:0.000845s ]
SQL: SELECT review.review_id,review.member_id,review.order_id,review.product_id,review.sale_prop,review.creation_time,review.comment,review.score,review.is_enabled,review.order_top,order_show_pic.url,tag.tag_name FROM `order_show_pic` RIGHT JOIN review On review.review_id = order_show_pic.review_id LEFT JOIN tag On tag.review_id = review.review_id  WHERE ( review.review_id=10 )  [ RunTime:0.001068s ]

