[ 2014-11-29T11:46:36+08:00 ] 127.0.0.1 /
INFO: [ app_init ] --START--
INFO: Run Behavior\BuildLiteBehavior [ RunTime:0.000055s ]
INFO: [ app_init ] --END-- [ RunTime:0.000396s ]
INFO: [ app_begin ] --START--
INFO: Run Behavior\ReadHtmlCacheBehavior [ RunTime:0.003069s ]
INFO: [ app_begin ] --END-- [ RunTime:0.003373s ]
INFO: [ view_parse ] --START--
INFO: Run Behavior\ParseTemplateBehavior [ RunTime:0.013383s ]
INFO: [ view_parse ] --END-- [ RunTime:0.013704s ]
INFO: [ view_filter ] --START--
INFO: Run Behavior\WriteHtmlCacheBehavior [ RunTime:0.020154s ]
INFO: [ view_filter ] --END-- [ RunTime:0.020439s ]
INFO: [ app_end ] --START--
INFO: Run Behavior\ShowPageTraceBehavior [ RunTime:0.005198s ]
INFO: [ app_end ] --END-- [ RunTime:0.005492s ]

[ 2014-11-29T11:59:51+08:00 ] 127.0.0.1 /index.php/home/Review/addReviewView
INFO: [ app_init ] --START--
INFO: Run Behavior\BuildLiteBehavior [ RunTime:0.000052s ]
INFO: [ app_init ] --END-- [ RunTime:0.000319s ]
INFO: [ app_begin ] --START--
INFO: Run Behavior\ReadHtmlCacheBehavior [ RunTime:0.002436s ]
INFO: [ app_begin ] --END-- [ RunTime:0.002738s ]
INFO: [ view_parse ] --START--
INFO: [ template_filter ] --START--
INFO: Run Behavior\ContentReplaceBehavior [ RunTime:0.000146s ]
INFO: [ template_filter ] --END-- [ RunTime:0.000716s ]
INFO: Run Behavior\ParseTemplateBehavior [ RunTime:0.056341s ]
INFO: [ view_parse ] --END-- [ RunTime:0.056641s ]
INFO: [ view_filter ] --START--
INFO: Run Behavior\WriteHtmlCacheBehavior [ RunTime:0.001004s ]
INFO: [ view_filter ] --END-- [ RunTime:0.001256s ]
INFO: [ app_end ] --START--
INFO: Run Behavior\ShowPageTraceBehavior [ RunTime:0.001398s ]
INFO: [ app_end ] --END-- [ RunTime:0.001660s ]

[ 2014-11-29T11:59:55+08:00 ] 127.0.0.1 /index.php/Home/Review/AddReview
INFO: [ app_init ] --START--
INFO: Run Behavior\BuildLiteBehavior [ RunTime:0.000052s ]
INFO: [ app_init ] --END-- [ RunTime:0.000314s ]
INFO: [ app_begin ] --START--
INFO: Run Behavior\ReadHtmlCacheBehavior [ RunTime:0.001076s ]
INFO: [ app_begin ] --END-- [ RunTime:0.001409s ]

[ 2014-11-29T12:00:19+08:00 ] 127.0.0.1 /index.php/Home/Review/AddReview
INFO: [ app_init ] --START--
INFO: Run Behavior\BuildLiteBehavior [ RunTime:0.000056s ]
INFO: [ app_init ] --END-- [ RunTime:0.000332s ]
INFO: [ app_begin ] --START--
INFO: Run Behavior\ReadHtmlCacheBehavior [ RunTime:0.001164s ]
INFO: [ app_begin ] --END-- [ RunTime:0.001485s ]
NOTIC: [2] mysql_connect() [<a href='function.mysql-connect'>function.mysql-connect</a>]: [2002] ”…”⁄¡¨Ω”∑Ω‘⁄“ª∂Œ ±º‰∫Û√ª”–’˝»∑¥∏¥ªÚ¡¨Ω”µƒ÷˜ª˙√ª”–∑¥”¶£¨¡¨Ω”≥¢ ‘ ß∞‹°£
 (trying to connect via tcp://172.16.10.237:3306) D:\practise\php\review\ThinkPHP\Library\Think\Db\Driver\Mysql.class.php Á¨¨ 52 Ë°å.
NOTIC: [2] mysql_connect() [<a href='function.mysql-connect'>function.mysql-connect</a>]: ”…”⁄¡¨Ω”∑Ω‘⁄“ª∂Œ ±º‰∫Û√ª”–’˝»∑¥∏¥ªÚ¡¨Ω”µƒ÷˜ª˙√ª”–∑¥”¶£¨¡¨Ω”≥¢ ‘ ß∞‹°£
 D:\practise\php\review\ThinkPHP\Library\Think\Db\Driver\Mysql.class.php Á¨¨ 52 Ë°å.
ERR: ”…”⁄¡¨Ω”∑Ω‘⁄“ª∂Œ ±º‰∫Û√ª”–’˝»∑¥∏¥ªÚ¡¨Ω”µƒ÷˜ª˙√ª”–∑¥”¶£¨¡¨Ω”≥¢ ‘ ß∞‹°£


[ 2014-11-29T12:00:46+08:00 ] 127.0.0.1 /index.php/Home/Review/AddReview
INFO: [ app_init ] --START--
INFO: Run Behavior\BuildLiteBehavior [ RunTime:0.000058s ]
INFO: [ app_init ] --END-- [ RunTime:0.000390s ]
INFO: [ app_begin ] --START--
INFO: Run Behavior\ReadHtmlCacheBehavior [ RunTime:0.001551s ]
INFO: [ app_begin ] --END-- [ RunTime:0.001977s ]
ERR: Unknown database 'reviewdb'

[ 2014-11-29T12:02:27+08:00 ] 127.0.0.1 /index.php/Home/Review/AddReview
INFO: [ app_init ] --START--
INFO: Run Behavior\BuildLiteBehavior [ RunTime:0.000054s ]
INFO: [ app_init ] --END-- [ RunTime:0.000807s ]
INFO: [ app_begin ] --START--
INFO: Run Behavior\ReadHtmlCacheBehavior [ RunTime:0.001024s ]
INFO: [ app_begin ] --END-- [ RunTime:0.001397s ]
SQL: SHOW COLUMNS FROM `order` [ RunTime:0.045163s ]
SQL: SELECT `order_time` FROM `order` WHERE ( order_id=200100100 ) LIMIT 1   [ RunTime:0.000767s ]
SQL: SHOW COLUMNS FROM `review` [ RunTime:0.012254s ]
SQL: INSERT INTO `review` (`score`,`comment`,`member_id`,`order_id`,`product_id`,`sale_prop`,`order_time`,`creation_time`) VALUES (1,'111','100100','200100100','3001001001','testtttt','2014-11-25 11:58:39','2014-11-29 12:02:27') [ RunTime:0.004147s ]
SQL: SHOW COLUMNS FROM `tag` [ RunTime:0.010536s ]
SQL: INSERT INTO `tag` (`tag_name`,`review_id`,`creation_time`) VALUES ('\"\"',200100108,'2014-11-29 12:02:27') [ RunTime:0.007430s ]
ERR: 1452:Cannot add or update a child row: a foreign key constraint fails (`reviewdb`.`tag`, CONSTRAINT `tag_ibfk_1` FOREIGN KEY (`review_id`) REFERENCES `review_bak` (`review_id`))
 [ SQLËØ≠Âè• ] : INSERT INTO `tag` (`tag_name`,`review_id`,`creation_time`) VALUES ('\"\"',200100108,'2014-11-29 12:02:27')

[ 2014-11-29T12:04:20+08:00 ] 127.0.0.1 /index.php/home/Review/addReviewView
INFO: [ app_init ] --START--
INFO: Run Behavior\BuildLiteBehavior [ RunTime:0.000057s ]
INFO: [ app_init ] --END-- [ RunTime:0.000343s ]
INFO: [ app_begin ] --START--
INFO: Run Behavior\ReadHtmlCacheBehavior [ RunTime:0.001629s ]
INFO: [ app_begin ] --END-- [ RunTime:0.001959s ]
INFO: [ view_parse ] --START--
INFO: [ template_filter ] --START--
INFO: Run Behavior\ContentReplaceBehavior [ RunTime:0.000138s ]
INFO: [ template_filter ] --END-- [ RunTime:0.000433s ]
INFO: Run Behavior\ParseTemplateBehavior [ RunTime:0.016543s ]
INFO: [ view_parse ] --END-- [ RunTime:0.016863s ]
INFO: [ view_filter ] --START--
INFO: Run Behavior\WriteHtmlCacheBehavior [ RunTime:0.001618s ]
INFO: [ view_filter ] --END-- [ RunTime:0.001908s ]
INFO: [ app_end ] --START--
INFO: Run Behavior\ShowPageTraceBehavior [ RunTime:0.001757s ]
INFO: [ app_end ] --END-- [ RunTime:0.002056s ]

[ 2014-11-29T12:04:25+08:00 ] 127.0.0.1 /index.php/Home/Review/AddReview
INFO: [ app_init ] --START--
INFO: Run Behavior\BuildLiteBehavior [ RunTime:0.000054s ]
INFO: [ app_init ] --END-- [ RunTime:0.000315s ]
INFO: [ app_begin ] --START--
INFO: Run Behavior\ReadHtmlCacheBehavior [ RunTime:0.000991s ]
INFO: [ app_begin ] --END-- [ RunTime:0.001390s ]
SQL: SHOW COLUMNS FROM `order` [ RunTime:0.008361s ]
SQL: SELECT `order_time` FROM `order` WHERE ( order_id=200100100 ) LIMIT 1   [ RunTime:0.000442s ]
SQL: SHOW COLUMNS FROM `review` [ RunTime:0.008433s ]
SQL: INSERT INTO `review` (`score`,`comment`,`member_id`,`order_id`,`product_id`,`sale_prop`,`order_time`,`creation_time`) VALUES (2,'new','100100','200100100','3001001001','testtttt','2014-11-25 11:58:39','2014-11-29 12:04:25') [ RunTime:0.002241s ]
SQL: SHOW COLUMNS FROM `tag` [ RunTime:0.008304s ]
SQL: INSERT INTO `tag` (`tag_name`,`review_id`,`creation_time`) VALUES ('[\"\\u53e3\\u611f\\u597d\"]',200100109,'2014-11-29 12:04:25') [ RunTime:0.061213s ]
ERR: 1452:Cannot add or update a child row: a foreign key constraint fails (`reviewdb`.`tag`, CONSTRAINT `tag_ibfk_1` FOREIGN KEY (`review_id`) REFERENCES `review_bak` (`review_id`))
 [ SQLËØ≠Âè• ] : INSERT INTO `tag` (`tag_name`,`review_id`,`creation_time`) VALUES ('[\"\\u53e3\\u611f\\u597d\"]',200100109,'2014-11-29 12:04:25')

[ 2014-11-29T12:05:02+08:00 ] 127.0.0.1 /index.php/Home/Review/AddReview
INFO: [ app_init ] --START--
INFO: Run Behavior\BuildLiteBehavior [ RunTime:0.000055s ]
INFO: [ app_init ] --END-- [ RunTime:0.000348s ]
INFO: [ app_begin ] --START--
INFO: Run Behavior\ReadHtmlCacheBehavior [ RunTime:0.001852s ]
INFO: [ app_begin ] --END-- [ RunTime:0.002207s ]
SQL: SHOW COLUMNS FROM `order` [ RunTime:0.010550s ]
SQL: SELECT `order_time` FROM `order` WHERE ( order_id=200100100 ) LIMIT 1   [ RunTime:0.000611s ]
SQL: SHOW COLUMNS FROM `review` [ RunTime:0.011724s ]
SQL: INSERT INTO `review` (`score`,`comment`,`member_id`,`order_id`,`product_id`,`sale_prop`,`order_time`,`creation_time`) VALUES (2,'new','100100','200100100','3001001001','testtttt','2014-11-25 11:58:39','2014-11-29 12:05:02') [ RunTime:0.004653s ]
SQL: SHOW COLUMNS FROM `tag` [ RunTime:0.010813s ]
SQL: INSERT INTO `tag` (`tag_name`,`review_id`,`creation_time`) VALUES ('[\"\\u53e3\\u611f\\u597d\"]',200100110,'2014-11-29 12:05:02') [ RunTime:0.060673s ]
ERR: 1452:Cannot add or update a child row: a foreign key constraint fails (`reviewdb`.`tag`, CONSTRAINT `tag_ibfk_1` FOREIGN KEY (`review_id`) REFERENCES `review_bak` (`review_id`))
 [ SQLËØ≠Âè• ] : INSERT INTO `tag` (`tag_name`,`review_id`,`creation_time`) VALUES ('[\"\\u53e3\\u611f\\u597d\"]',200100110,'2014-11-29 12:05:02')

[ 2014-11-29T12:07:29+08:00 ] 127.0.0.1 /index.php/Home/Review/AddReview
INFO: [ app_init ] --START--
INFO: Run Behavior\BuildLiteBehavior [ RunTime:0.000064s ]
INFO: [ app_init ] --END-- [ RunTime:0.000464s ]
INFO: [ app_begin ] --START--
INFO: Run Behavior\ReadHtmlCacheBehavior [ RunTime:0.001416s ]
INFO: [ app_begin ] --END-- [ RunTime:0.001717s ]
SQL: SHOW COLUMNS FROM `order` [ RunTime:0.008375s ]
SQL: SELECT `order_time` FROM `order` WHERE ( order_id=200100100 ) LIMIT 1   [ RunTime:0.000475s ]
SQL: SHOW COLUMNS FROM `review` [ RunTime:0.008948s ]
SQL: INSERT INTO `review` (`score`,`comment`,`member_id`,`order_id`,`product_id`,`sale_prop`,`order_time`,`creation_time`) VALUES (2,'new','100100','200100100','3001001001','testtttt','2014-11-25 11:58:39','2014-11-29 12:07:29') [ RunTime:0.002492s ]
SQL: SHOW COLUMNS FROM `tag` [ RunTime:0.008911s ]

[ 2014-11-29T12:08:39+08:00 ] 127.0.0.1 /index.php/home/Review/addReviewView
INFO: [ app_init ] --START--
INFO: Run Behavior\BuildLiteBehavior [ RunTime:0.000052s ]
INFO: [ app_init ] --END-- [ RunTime:0.000312s ]
INFO: [ app_begin ] --START--
INFO: Run Behavior\ReadHtmlCacheBehavior [ RunTime:0.001033s ]
INFO: [ app_begin ] --END-- [ RunTime:0.001324s ]
INFO: [ view_parse ] --START--
INFO: [ template_filter ] --START--
INFO: Run Behavior\ContentReplaceBehavior [ RunTime:0.000132s ]
INFO: [ template_filter ] --END-- [ RunTime:0.000404s ]
INFO: Run Behavior\ParseTemplateBehavior [ RunTime:0.015098s ]
INFO: [ view_parse ] --END-- [ RunTime:0.015404s ]
INFO: [ view_filter ] --START--
INFO: Run Behavior\WriteHtmlCacheBehavior [ RunTime:0.000969s ]
INFO: [ view_filter ] --END-- [ RunTime:0.001225s ]
INFO: [ app_end ] --START--
INFO: Run Behavior\ShowPageTraceBehavior [ RunTime:0.001319s ]
INFO: [ app_end ] --END-- [ RunTime:0.001583s ]

[ 2014-11-29T12:08:45+08:00 ] 127.0.0.1 /index.php/Home/Review/AddReview
INFO: [ app_init ] --START--
INFO: Run Behavior\BuildLiteBehavior [ RunTime:0.000271s ]
INFO: [ app_init ] --END-- [ RunTime:0.001074s ]
INFO: [ app_begin ] --START--
INFO: Run Behavior\ReadHtmlCacheBehavior [ RunTime:0.001533s ]
INFO: [ app_begin ] --END-- [ RunTime:0.001837s ]
SQL: SHOW COLUMNS FROM `order` [ RunTime:0.009098s ]
SQL: SELECT `order_time` FROM `order` WHERE ( order_id=200100100 ) LIMIT 1   [ RunTime:0.000468s ]
SQL: SHOW COLUMNS FROM `review` [ RunTime:0.008980s ]
SQL: INSERT INTO `review` (`score`,`comment`,`member_id`,`order_id`,`product_id`,`sale_prop`,`order_time`,`creation_time`) VALUES (3,'new','100100','200100100','3001001001','testtttt','2014-11-25 11:58:39','2014-11-29 12:08:45') [ RunTime:0.002969s ]
SQL: SHOW COLUMNS FROM `tag` [ RunTime:0.009198s ]
SQL: INSERT INTO `tag` (`tag_name`,`review_id`,`creation_time`) VALUES ('[\"\\u9001\\u8d27\\u5feb\",\"\\u65b0\\u9c9c\"]',200100112,'2014-11-29 12:08:45') [ RunTime:0.026989s ]
ERR: 1452:Cannot add or update a child row: a foreign key constraint fails (`reviewdb`.`tag`, CONSTRAINT `tag_ibfk_1` FOREIGN KEY (`review_id`) REFERENCES `review_bak` (`review_id`))
 [ SQLËØ≠Âè• ] : INSERT INTO `tag` (`tag_name`,`review_id`,`creation_time`) VALUES ('[\"\\u9001\\u8d27\\u5feb\",\"\\u65b0\\u9c9c\"]',200100112,'2014-11-29 12:08:45')

[ 2014-11-29T12:09:18+08:00 ] 127.0.0.1 /index.php/Home/Review/AddReview
INFO: [ app_init ] --START--
INFO: Run Behavior\BuildLiteBehavior [ RunTime:0.000057s ]
INFO: [ app_init ] --END-- [ RunTime:0.000349s ]
INFO: [ app_begin ] --START--
INFO: Run Behavior\ReadHtmlCacheBehavior [ RunTime:0.001768s ]
INFO: [ app_begin ] --END-- [ RunTime:0.002111s ]
SQL: SHOW COLUMNS FROM `order` [ RunTime:0.010803s ]
SQL: SELECT `order_time` FROM `order` WHERE ( order_id=200100100 ) LIMIT 1   [ RunTime:0.000869s ]
SQL: SHOW COLUMNS FROM `review` [ RunTime:0.011242s ]
SQL: INSERT INTO `review` (`score`,`comment`,`member_id`,`order_id`,`product_id`,`sale_prop`,`order_time`,`creation_time`) VALUES (3,'new','100100','200100100','3001001001','testtttt','2014-11-25 11:58:39','2014-11-29 12:09:17') [ RunTime:0.022301s ]
SQL: SHOW COLUMNS FROM `tag` [ RunTime:0.010778s ]

[ 2014-11-29T12:15:07+08:00 ] 127.0.0.1 /index.php/Home/Review/AddReview
INFO: [ app_init ] --START--
INFO: Run Behavior\BuildLiteBehavior [ RunTime:0.000057s ]
INFO: [ app_init ] --END-- [ RunTime:0.000349s ]
INFO: [ app_begin ] --START--
INFO: Run Behavior\ReadHtmlCacheBehavior [ RunTime:0.037580s ]
INFO: [ app_begin ] --END-- [ RunTime:0.037918s ]
SQL: SHOW COLUMNS FROM `order` [ RunTime:0.009023s ]
SQL: SELECT `order_time` FROM `order` WHERE ( order_id=200100100 ) LIMIT 1   [ RunTime:0.000488s ]
SQL: SHOW COLUMNS FROM `review` [ RunTime:0.008791s ]
SQL: INSERT INTO `review` (`score`,`comment`,`member_id`,`order_id`,`product_id`,`sale_prop`,`order_time`,`creation_time`) VALUES (3,'new','100100','200100100','3001001001','testtttt','2014-11-25 11:58:39','2014-11-29 12:15:07') [ RunTime:0.004904s ]
SQL: SHOW COLUMNS FROM `tag` [ RunTime:0.009247s ]
SQL: INSERT INTO `tag` (`tag_name`,`review_id`,`creation_time`) VALUES ('[\"\\u9001\\u8d27\\u5feb\",\"\\u65b0\\u9c9c\"]',200100114,'2014-11-29 12:15:07') [ RunTime:0.002478s ]
ERR: 1452:Cannot add or update a child row: a foreign key constraint fails (`reviewdb`.`tag`, CONSTRAINT `tag_ibfk_1` FOREIGN KEY (`review_id`) REFERENCES `review_bak` (`review_id`))
 [ SQLËØ≠Âè• ] : INSERT INTO `tag` (`tag_name`,`review_id`,`creation_time`) VALUES ('[\"\\u9001\\u8d27\\u5feb\",\"\\u65b0\\u9c9c\"]',200100114,'2014-11-29 12:15:07')

[ 2014-11-29T12:15:30+08:00 ] 127.0.0.1 /index.php/Home/Review/AddReview
INFO: [ app_init ] --START--
INFO: Run Behavior\BuildLiteBehavior [ RunTime:0.000057s ]
INFO: [ app_init ] --END-- [ RunTime:0.000373s ]
INFO: [ app_begin ] --START--
INFO: Run Behavior\ReadHtmlCacheBehavior [ RunTime:0.001693s ]
INFO: [ app_begin ] --END-- [ RunTime:0.002026s ]
SQL: SHOW COLUMNS FROM `order` [ RunTime:0.010304s ]
SQL: SELECT `order_time` FROM `order` WHERE ( order_id=200100100 ) LIMIT 1   [ RunTime:0.001275s ]
SQL: SHOW COLUMNS FROM `review` [ RunTime:0.010462s ]
SQL: INSERT INTO `review` (`score`,`comment`,`member_id`,`order_id`,`product_id`,`sale_prop`,`order_time`,`creation_time`) VALUES (3,'new','100100','200100100','3001001001','testtttt','2014-11-25 11:58:39','2014-11-29 12:15:30') [ RunTime:0.002839s ]
SQL: SHOW COLUMNS FROM `tag` [ RunTime:0.010131s ]
SQL: INSERT INTO `tag` (`tag_name`,`review_id`,`creation_time`) VALUES ('[\"\\u9001\\u8d27\\u5feb\",\"\\u65b0\\u9c9c\"]',200100115,'2014-11-29 12:15:30') [ RunTime:0.062615s ]
ERR: 1452:Cannot add or update a child row: a foreign key constraint fails (`reviewdb`.`tag`, CONSTRAINT `tag_ibfk_1` FOREIGN KEY (`review_id`) REFERENCES `review_bak` (`review_id`))
 [ SQLËØ≠Âè• ] : INSERT INTO `tag` (`tag_name`,`review_id`,`creation_time`) VALUES ('[\"\\u9001\\u8d27\\u5feb\",\"\\u65b0\\u9c9c\"]',200100115,'2014-11-29 12:15:30')

[ 2014-11-29T12:15:51+08:00 ] 127.0.0.1 /index.php/Home/Review/AddReview
INFO: [ app_init ] --START--
INFO: Run Behavior\BuildLiteBehavior [ RunTime:0.000055s ]
INFO: [ app_init ] --END-- [ RunTime:0.000338s ]
INFO: [ app_begin ] --START--
INFO: Run Behavior\ReadHtmlCacheBehavior [ RunTime:0.001352s ]
INFO: [ app_begin ] --END-- [ RunTime:0.001684s ]
SQL: SHOW COLUMNS FROM `order` [ RunTime:0.010057s ]
SQL: SELECT `order_time` FROM `order` WHERE ( order_id=200100100 ) LIMIT 1   [ RunTime:0.000586s ]
SQL: SHOW COLUMNS FROM `review` [ RunTime:0.009728s ]
SQL: INSERT INTO `review` (`score`,`comment`,`member_id`,`order_id`,`product_id`,`sale_prop`,`order_time`,`creation_time`) VALUES (3,'new','100100','200100100','3001001001','testtttt','2014-11-25 11:58:39','2014-11-29 12:15:51') [ RunTime:0.003750s ]
SQL: SHOW COLUMNS FROM `tag` [ RunTime:0.009937s ]
SQL: INSERT INTO `tag` (`tag_name`,`review_id`,`creation_time`) VALUES ('[\"\\u9001\\u8d27\\u5feb\",\"\\u65b0\\u9c9c\"]',200100116,'2014-11-29 12:15:51') [ RunTime:0.040693s ]
ERR: 1452:Cannot add or update a child row: a foreign key constraint fails (`reviewdb`.`tag`, CONSTRAINT `tag_ibfk_1` FOREIGN KEY (`review_id`) REFERENCES `review_bak` (`review_id`))
 [ SQLËØ≠Âè• ] : INSERT INTO `tag` (`tag_name`,`review_id`,`creation_time`) VALUES ('[\"\\u9001\\u8d27\\u5feb\",\"\\u65b0\\u9c9c\"]',200100116,'2014-11-29 12:15:51')

[ 2014-11-29T12:16:16+08:00 ] 127.0.0.1 /index.php/Home/Review/AddReview
INFO: [ app_init ] --START--
INFO: Run Behavior\BuildLiteBehavior [ RunTime:0.000987s ]
INFO: [ app_init ] --END-- [ RunTime:0.001316s ]
INFO: [ app_begin ] --START--
INFO: Run Behavior\ReadHtmlCacheBehavior [ RunTime:0.001442s ]
INFO: [ app_begin ] --END-- [ RunTime:0.001773s ]
SQL: SHOW COLUMNS FROM `order` [ RunTime:0.009773s ]
SQL: SELECT `order_time` FROM `order` WHERE ( order_id=200100100 ) LIMIT 1   [ RunTime:0.000600s ]
SQL: SHOW COLUMNS FROM `review` [ RunTime:0.010690s ]
SQL: INSERT INTO `review` (`score`,`comment`,`member_id`,`order_id`,`product_id`,`sale_prop`,`order_time`,`creation_time`) VALUES (3,'new','100100','200100100','3001001001','testtttt','2014-11-25 11:58:39','2014-11-29 12:16:16') [ RunTime:0.002542s ]
SQL: SHOW COLUMNS FROM `tag` [ RunTime:0.011281s ]
SQL: INSERT INTO `tag` (`tag_name`,`review_id`,`creation_time`) VALUES ('[\"\\u9001\\u8d27\\u5feb\",\"\\u65b0\\u9c9c\"]',200100117,'2014-11-29 12:16:16') [ RunTime:0.025266s ]
ERR: 1452:Cannot add or update a child row: a foreign key constraint fails (`reviewdb`.`tag`, CONSTRAINT `tag_ibfk_1` FOREIGN KEY (`review_id`) REFERENCES `review_bak` (`review_id`))
 [ SQLËØ≠Âè• ] : INSERT INTO `tag` (`tag_name`,`review_id`,`creation_time`) VALUES ('[\"\\u9001\\u8d27\\u5feb\",\"\\u65b0\\u9c9c\"]',200100117,'2014-11-29 12:16:16')

[ 2014-11-29T12:17:46+08:00 ] 127.0.0.1 /index.php/Home/Review/AddReview
INFO: [ app_init ] --START--
INFO: Run Behavior\BuildLiteBehavior [ RunTime:0.000055s ]
INFO: [ app_init ] --END-- [ RunTime:0.000374s ]
INFO: [ app_begin ] --START--
INFO: Run Behavior\ReadHtmlCacheBehavior [ RunTime:0.001788s ]
INFO: [ app_begin ] --END-- [ RunTime:0.002121s ]
SQL: SHOW COLUMNS FROM `order` [ RunTime:0.020774s ]
SQL: SELECT `order_time` FROM `order` WHERE ( order_id=200100100 ) LIMIT 1   [ RunTime:0.000684s ]
SQL: SHOW COLUMNS FROM `review` [ RunTime:0.010633s ]
SQL: INSERT INTO `review` (`score`,`comment`,`member_id`,`order_id`,`product_id`,`sale_prop`,`order_time`,`creation_time`) VALUES (3,'new','100100','200100100','3001001001','testtttt','2014-11-25 11:58:39','2014-11-29 12:17:46') [ RunTime:0.003356s ]
SQL: SHOW COLUMNS FROM `tag` [ RunTime:0.010543s ]
SQL: INSERT INTO `tag` (`tag_name`,`review_id`,`creation_time`) VALUES ('[\"\\u9001\\u8d27\\u5feb\",\"\\u65b0\\u9c9c\"]',200100118,'2014-11-29 12:17:46') [ RunTime:0.024756s ]
ERR: 1452:Cannot add or update a child row: a foreign key constraint fails (`reviewdb`.`tag`, CONSTRAINT `tag_ibfk_1` FOREIGN KEY (`review_id`) REFERENCES `review_bak` (`review_id`))
 [ SQLËØ≠Âè• ] : INSERT INTO `tag` (`tag_name`,`review_id`,`creation_time`) VALUES ('[\"\\u9001\\u8d27\\u5feb\",\"\\u65b0\\u9c9c\"]',200100118,'2014-11-29 12:17:46')

[ 2014-11-29T12:18:40+08:00 ] 127.0.0.1 /index.php/Home/Review/AddReview
INFO: [ app_init ] --START--
INFO: Run Behavior\BuildLiteBehavior [ RunTime:0.000098s ]
INFO: [ app_init ] --END-- [ RunTime:0.001471s ]
INFO: [ app_begin ] --START--
INFO: Run Behavior\ReadHtmlCacheBehavior [ RunTime:0.002937s ]
INFO: [ app_begin ] --END-- [ RunTime:0.004239s ]
SQL: SHOW COLUMNS FROM `order` [ RunTime:0.010464s ]
SQL: SELECT `order_time` FROM `order` WHERE ( order_id=200100100 ) LIMIT 1   [ RunTime:0.000810s ]
SQL: SHOW COLUMNS FROM `review` [ RunTime:0.011512s ]
SQL: INSERT INTO `review` (`score`,`comment`,`member_id`,`order_id`,`product_id`,`sale_prop`,`order_time`,`creation_time`) VALUES (3,'new','100100','200100100','3001001001','testtttt','2014-11-25 11:58:39','2014-11-29 12:18:40') [ RunTime:0.003403s ]
SQL: SHOW COLUMNS FROM `tag` [ RunTime:0.009593s ]
SQL: INSERT INTO `tag` (`tag_name`,`review_id`,`creation_time`) VALUES ('[\"\\u9001\\u8d27\\u5feb\",\"\\u65b0\\u9c9c\"]',200100119,'2014-11-29 12:18:40') [ RunTime:0.035451s ]
ERR: 1452:Cannot add or update a child row: a foreign key constraint fails (`reviewdb`.`tag`, CONSTRAINT `tag_ibfk_1` FOREIGN KEY (`review_id`) REFERENCES `review_bak` (`review_id`))
 [ SQLËØ≠Âè• ] : INSERT INTO `tag` (`tag_name`,`review_id`,`creation_time`) VALUES ('[\"\\u9001\\u8d27\\u5feb\",\"\\u65b0\\u9c9c\"]',200100119,'2014-11-29 12:18:40')

[ 2014-11-29T12:19:14+08:00 ] 127.0.0.1 /index.php/Home/Review/AddReview
INFO: [ app_init ] --START--
INFO: Run Behavior\BuildLiteBehavior [ RunTime:0.000057s ]
INFO: [ app_init ] --END-- [ RunTime:0.000395s ]
INFO: [ app_begin ] --START--
INFO: Run Behavior\ReadHtmlCacheBehavior [ RunTime:0.001662s ]
INFO: [ app_begin ] --END-- [ RunTime:0.001989s ]
SQL: SHOW COLUMNS FROM `order` [ RunTime:0.010974s ]
SQL: SELECT `order_time` FROM `order` WHERE ( order_id=200100100 ) LIMIT 1   [ RunTime:0.000662s ]
SQL: SHOW COLUMNS FROM `review` [ RunTime:0.015195s ]
SQL: INSERT INTO `review` (`score`,`comment`,`member_id`,`order_id`,`product_id`,`sale_prop`,`order_time`,`creation_time`) VALUES (3,'new','100100','200100100','3001001001','testtttt','2014-11-25 11:58:39','2014-11-29 12:19:14') [ RunTime:0.004001s ]
SQL: SHOW COLUMNS FROM `tag` [ RunTime:0.010468s ]
SQL: INSERT INTO `tag` (`tag_name`,`review_id`,`creation_time`) VALUES ('[\"\\u9001\\u8d27\\u5feb\",\"\\u65b0\\u9c9c\"]',200100120,'2014-11-29 12:19:14') [ RunTime:0.049992s ]
ERR: 1452:Cannot add or update a child row: a foreign key constraint fails (`reviewdb`.`tag`, CONSTRAINT `tag_ibfk_1` FOREIGN KEY (`review_id`) REFERENCES `review_bak` (`review_id`))
 [ SQLËØ≠Âè• ] : INSERT INTO `tag` (`tag_name`,`review_id`,`creation_time`) VALUES ('[\"\\u9001\\u8d27\\u5feb\",\"\\u65b0\\u9c9c\"]',200100120,'2014-11-29 12:19:14')
NOTIC: [8] Undefined variable: obj D:\practise\php\review\review\Home\Controller\ReviewController.class.php Á¨¨ 98 Ë°å.

[ 2014-11-29T12:19:27+08:00 ] 127.0.0.1 /index.php/Home/Review/AddReview
INFO: [ app_init ] --START--
INFO: Run Behavior\BuildLiteBehavior [ RunTime:0.000060s ]
INFO: [ app_init ] --END-- [ RunTime:0.000996s ]
INFO: [ app_begin ] --START--
INFO: Run Behavior\ReadHtmlCacheBehavior [ RunTime:0.003366s ]
INFO: [ app_begin ] --END-- [ RunTime:0.003761s ]
SQL: SHOW COLUMNS FROM `order` [ RunTime:0.010357s ]
SQL: SELECT `order_time` FROM `order` WHERE ( order_id=200100100 ) LIMIT 1   [ RunTime:0.001696s ]
SQL: SHOW COLUMNS FROM `review` [ RunTime:0.011594s ]
SQL: INSERT INTO `review` (`score`,`comment`,`member_id`,`order_id`,`product_id`,`sale_prop`,`order_time`,`creation_time`) VALUES (3,'new','100100','200100100','3001001001','testtttt','2014-11-25 11:58:39','2014-11-29 12:19:27') [ RunTime:0.002292s ]
SQL: SHOW COLUMNS FROM `tag` [ RunTime:0.010714s ]
SQL: INSERT INTO `tag` (`tag_name`,`review_id`,`creation_time`) VALUES ('[\"\\u9001\\u8d27\\u5feb\",\"\\u65b0\\u9c9c\"]',200100121,'2014-11-29 12:19:27') [ RunTime:0.059703s ]
ERR: 1452:Cannot add or update a child row: a foreign key constraint fails (`reviewdb`.`tag`, CONSTRAINT `tag_ibfk_1` FOREIGN KEY (`review_id`) REFERENCES `review_bak` (`review_id`))
 [ SQLËØ≠Âè• ] : INSERT INTO `tag` (`tag_name`,`review_id`,`creation_time`) VALUES ('[\"\\u9001\\u8d27\\u5feb\",\"\\u65b0\\u9c9c\"]',200100121,'2014-11-29 12:19:27')

[ 2014-11-29T12:20:14+08:00 ] 127.0.0.1 /index.php/Home/Review/AddReview
INFO: [ app_init ] --START--
INFO: Run Behavior\BuildLiteBehavior [ RunTime:0.000056s ]
INFO: [ app_init ] --END-- [ RunTime:0.000467s ]
INFO: [ app_begin ] --START--
INFO: Run Behavior\ReadHtmlCacheBehavior [ RunTime:0.001739s ]
INFO: [ app_begin ] --END-- [ RunTime:0.002081s ]
SQL: SHOW COLUMNS FROM `order` [ RunTime:0.010037s ]
SQL: SELECT `order_time` FROM `order` WHERE ( order_id=200100100 ) LIMIT 1   [ RunTime:0.000596s ]
SQL: SHOW COLUMNS FROM `review` [ RunTime:0.010862s ]
SQL: INSERT INTO `review` (`score`,`comment`,`member_id`,`order_id`,`product_id`,`sale_prop`,`order_time`,`creation_time`) VALUES (3,'new','100100','200100100','3001001001','testtttt','2014-11-25 11:58:39','2014-11-29 12:20:14') [ RunTime:0.003507s ]
SQL: SHOW COLUMNS FROM `tag` [ RunTime:0.010489s ]
SQL: INSERT INTO `tag` (`tag_name`,`review_id`,`creation_time`) VALUES ('[\"\\u9001\\u8d27\\u5feb\",\"\\u65b0\\u9c9c\"]',200100122,'2014-11-29 12:20:14') [ RunTime:0.066215s ]
ERR: 1452:Cannot add or update a child row: a foreign key constraint fails (`reviewdb`.`tag`, CONSTRAINT `tag_ibfk_1` FOREIGN KEY (`review_id`) REFERENCES `review_bak` (`review_id`))
 [ SQLËØ≠Âè• ] : INSERT INTO `tag` (`tag_name`,`review_id`,`creation_time`) VALUES ('[\"\\u9001\\u8d27\\u5feb\",\"\\u65b0\\u9c9c\"]',200100122,'2014-11-29 12:20:14')

[ 2014-11-29T12:20:43+08:00 ] 127.0.0.1 /index.php/home/Review/addReviewView
INFO: [ app_init ] --START--
INFO: Run Behavior\BuildLiteBehavior [ RunTime:0.000052s ]
INFO: [ app_init ] --END-- [ RunTime:0.000315s ]
INFO: [ app_begin ] --START--
INFO: Run Behavior\ReadHtmlCacheBehavior [ RunTime:0.001007s ]
INFO: [ app_begin ] --END-- [ RunTime:0.001294s ]
INFO: [ view_parse ] --START--
INFO: [ template_filter ] --START--
INFO: Run Behavior\ContentReplaceBehavior [ RunTime:0.000132s ]
INFO: [ template_filter ] --END-- [ RunTime:0.000406s ]
INFO: Run Behavior\ParseTemplateBehavior [ RunTime:0.015597s ]
INFO: [ view_parse ] --END-- [ RunTime:0.015889s ]
INFO: [ view_filter ] --START--
INFO: Run Behavior\WriteHtmlCacheBehavior [ RunTime:0.000950s ]
INFO: [ view_filter ] --END-- [ RunTime:0.001215s ]
INFO: [ app_end ] --START--
INFO: Run Behavior\ShowPageTraceBehavior [ RunTime:0.001344s ]
INFO: [ app_end ] --END-- [ RunTime:0.001614s ]

[ 2014-11-29T12:20:48+08:00 ] 127.0.0.1 /index.php/Home/Review/AddReview
INFO: [ app_init ] --START--
INFO: Run Behavior\BuildLiteBehavior [ RunTime:0.000055s ]
INFO: [ app_init ] --END-- [ RunTime:0.000333s ]
INFO: [ app_begin ] --START--
INFO: Run Behavior\ReadHtmlCacheBehavior [ RunTime:0.001328s ]
INFO: [ app_begin ] --END-- [ RunTime:0.001671s ]
SQL: SHOW COLUMNS FROM `order` [ RunTime:0.009869s ]
SQL: SELECT `order_time` FROM `order` WHERE ( order_id=200100100 ) LIMIT 1   [ RunTime:0.000502s ]
SQL: SHOW COLUMNS FROM `review` [ RunTime:0.009288s ]
SQL: INSERT INTO `review` (`score`,`comment`,`member_id`,`order_id`,`product_id`,`sale_prop`,`order_time`,`creation_time`) VALUES (3,'new','100100','200100100','3001001001','testtttt','2014-11-25 11:58:39','2014-11-29 12:20:48') [ RunTime:0.002278s ]
SQL: SHOW COLUMNS FROM `tag` [ RunTime:0.008842s ]
SQL: INSERT INTO `tag` (`tag_name`,`review_id`,`creation_time`) VALUES ('[\"\\u9001\\u8d27\\u5feb\"]',200100123,'2014-11-29 12:20:48') [ RunTime:0.044562s ]
ERR: 1452:Cannot add or update a child row: a foreign key constraint fails (`reviewdb`.`tag`, CONSTRAINT `tag_ibfk_1` FOREIGN KEY (`review_id`) REFERENCES `review_bak` (`review_id`))
 [ SQLËØ≠Âè• ] : INSERT INTO `tag` (`tag_name`,`review_id`,`creation_time`) VALUES ('[\"\\u9001\\u8d27\\u5feb\"]',200100123,'2014-11-29 12:20:48')

[ 2014-11-29T12:21:04+08:00 ] 127.0.0.1 /index.php/Home/Review/AddReview
INFO: [ app_init ] --START--
INFO: Run Behavior\BuildLiteBehavior [ RunTime:0.000056s ]
INFO: [ app_init ] --END-- [ RunTime:0.000337s ]
INFO: [ app_begin ] --START--
INFO: Run Behavior\ReadHtmlCacheBehavior [ RunTime:0.001328s ]
INFO: [ app_begin ] --END-- [ RunTime:0.001668s ]
SQL: SHOW COLUMNS FROM `order` [ RunTime:0.010846s ]
SQL: SELECT `order_time` FROM `order` WHERE ( order_id=200100100 ) LIMIT 1   [ RunTime:0.000759s ]
SQL: SHOW COLUMNS FROM `review` [ RunTime:0.011474s ]
SQL: INSERT INTO `review` (`score`,`comment`,`member_id`,`order_id`,`product_id`,`sale_prop`,`order_time`,`creation_time`) VALUES (3,'new','100100','200100100','3001001001','testtttt','2014-11-25 11:58:39','2014-11-29 12:21:04') [ RunTime:0.002973s ]
SQL: SHOW COLUMNS FROM `tag` [ RunTime:0.011174s ]
SQL: INSERT INTO `tag` (`tag_name`,`review_id`,`creation_time`) VALUES ('[\"\\u9001\\u8d27\\u5feb\"]',200100124,'2014-11-29 12:21:04') [ RunTime:0.052300s ]
ERR: 1452:Cannot add or update a child row: a foreign key constraint fails (`reviewdb`.`tag`, CONSTRAINT `tag_ibfk_1` FOREIGN KEY (`review_id`) REFERENCES `review_bak` (`review_id`))
 [ SQLËØ≠Âè• ] : INSERT INTO `tag` (`tag_name`,`review_id`,`creation_time`) VALUES ('[\"\\u9001\\u8d27\\u5feb\"]',200100124,'2014-11-29 12:21:04')

[ 2014-11-29T12:22:24+08:00 ] 127.0.0.1 /index.php/home/Review/addReviewView
INFO: [ app_init ] --START--
INFO: Run Behavior\BuildLiteBehavior [ RunTime:0.000055s ]
INFO: [ app_init ] --END-- [ RunTime:0.000828s ]
INFO: [ app_begin ] --START--
INFO: Run Behavior\ReadHtmlCacheBehavior [ RunTime:0.001447s ]
INFO: [ app_begin ] --END-- [ RunTime:0.001741s ]
INFO: [ view_parse ] --START--
INFO: [ template_filter ] --START--
INFO: Run Behavior\ContentReplaceBehavior [ RunTime:0.000134s ]
INFO: [ template_filter ] --END-- [ RunTime:0.000461s ]
INFO: Run Behavior\ParseTemplateBehavior [ RunTime:0.014935s ]
INFO: [ view_parse ] --END-- [ RunTime:0.015223s ]
INFO: [ view_filter ] --START--
INFO: Run Behavior\WriteHtmlCacheBehavior [ RunTime:0.000940s ]
INFO: [ view_filter ] --END-- [ RunTime:0.001191s ]
INFO: [ app_end ] --START--
INFO: Run Behavior\ShowPageTraceBehavior [ RunTime:0.001380s ]
INFO: [ app_end ] --END-- [ RunTime:0.001645s ]

[ 2014-11-29T12:22:30+08:00 ] 127.0.0.1 /index.php/Home/Review/AddReview
INFO: [ app_init ] --START--
INFO: Run Behavior\BuildLiteBehavior [ RunTime:0.000052s ]
INFO: [ app_init ] --END-- [ RunTime:0.000325s ]
INFO: [ app_begin ] --START--
INFO: Run Behavior\ReadHtmlCacheBehavior [ RunTime:0.001425s ]
INFO: [ app_begin ] --END-- [ RunTime:0.001759s ]
SQL: SHOW COLUMNS FROM `order` [ RunTime:0.009843s ]
SQL: SELECT `order_time` FROM `order` WHERE ( order_id=200100100 ) LIMIT 1   [ RunTime:0.000612s ]
SQL: SHOW COLUMNS FROM `review` [ RunTime:0.008773s ]
SQL: INSERT INTO `review` (`score`,`comment`,`member_id`,`order_id`,`product_id`,`sale_prop`,`order_time`,`creation_time`) VALUES (2,'new22','100100','200100100','3001001001','testtttt','2014-11-25 11:58:39','2014-11-29 12:22:30') [ RunTime:0.002397s ]
SQL: SHOW COLUMNS FROM `tag` [ RunTime:0.008258s ]
SQL: INSERT INTO `tag` (`tag_name`,`review_id`,`creation_time`) VALUES ('[\"\\u65b0\\u9c9c\"]',200100125,'2014-11-29 12:22:30') [ RunTime:0.051751s ]
ERR: 1452:Cannot add or update a child row: a foreign key constraint fails (`reviewdb`.`tag`, CONSTRAINT `tag_ibfk_1` FOREIGN KEY (`review_id`) REFERENCES `review_bak` (`review_id`))
 [ SQLËØ≠Âè• ] : INSERT INTO `tag` (`tag_name`,`review_id`,`creation_time`) VALUES ('[\"\\u65b0\\u9c9c\"]',200100125,'2014-11-29 12:22:30')

[ 2014-11-29T12:23:10+08:00 ] 127.0.0.1 /index.php/Home/Review/AddReview
INFO: [ app_init ] --START--
INFO: Run Behavior\BuildLiteBehavior [ RunTime:0.000056s ]
INFO: [ app_init ] --END-- [ RunTime:0.000360s ]
INFO: [ app_begin ] --START--
INFO: Run Behavior\ReadHtmlCacheBehavior [ RunTime:0.001821s ]
INFO: [ app_begin ] --END-- [ RunTime:0.002202s ]
SQL: SHOW COLUMNS FROM `order` [ RunTime:0.009591s ]
SQL: SELECT `order_time` FROM `order` WHERE ( order_id=200100100 ) LIMIT 1   [ RunTime:0.000717s ]
SQL: SHOW COLUMNS FROM `review` [ RunTime:0.011307s ]
SQL: INSERT INTO `review` (`score`,`comment`,`member_id`,`order_id`,`product_id`,`sale_prop`,`order_time`,`creation_time`) VALUES (2,'new22','100100','200100100','3001001001','testtttt','2014-11-25 11:58:39','2014-11-29 12:23:10') [ RunTime:0.003903s ]
SQL: SHOW COLUMNS FROM `tag` [ RunTime:0.011279s ]
SQL: INSERT INTO `tag` (`tag_name`,`review_id`,`creation_time`) VALUES ('[\"\\u65b0\\u9c9c\"]',200100126,'2014-11-29 12:23:10') [ RunTime:0.056441s ]
ERR: 1452:Cannot add or update a child row: a foreign key constraint fails (`reviewdb`.`tag`, CONSTRAINT `tag_ibfk_1` FOREIGN KEY (`review_id`) REFERENCES `review_bak` (`review_id`))
 [ SQLËØ≠Âè• ] : INSERT INTO `tag` (`tag_name`,`review_id`,`creation_time`) VALUES ('[\"\\u65b0\\u9c9c\"]',200100126,'2014-11-29 12:23:10')

[ 2014-11-29T12:23:48+08:00 ] 127.0.0.1 /index.php/Home/Review/AddReview
INFO: [ app_init ] --START--
INFO: Run Behavior\BuildLiteBehavior [ RunTime:0.000057s ]
INFO: [ app_init ] --END-- [ RunTime:0.000355s ]
INFO: [ app_begin ] --START--
INFO: Run Behavior\ReadHtmlCacheBehavior [ RunTime:0.001469s ]
INFO: [ app_begin ] --END-- [ RunTime:0.001888s ]
SQL: SHOW COLUMNS FROM `order` [ RunTime:0.015614s ]
SQL: SELECT `order_time` FROM `order` WHERE ( order_id=200100100 ) LIMIT 1   [ RunTime:0.001438s ]
SQL: SHOW COLUMNS FROM `review` [ RunTime:0.012395s ]
SQL: INSERT INTO `review` (`score`,`comment`,`member_id`,`order_id`,`product_id`,`sale_prop`,`order_time`,`creation_time`) VALUES (2,'new22','100100','200100100','3001001001','testtttt','2014-11-25 11:58:39','2014-11-29 12:23:48') [ RunTime:0.003439s ]
SQL: SHOW COLUMNS FROM `tag` [ RunTime:0.009829s ]
SQL: INSERT INTO `tag` (`tag_name`,`review_id`,`creation_time`) VALUES ('[\"\\u65b0\\u9c9c\"]',200100127,'2014-11-29 12:23:48') [ RunTime:0.061902s ]

[ 2014-11-29T14:40:48+08:00 ] 127.0.0.1 /review/index.php/Home/Review/addReviewView
INFO: [ app_init ] --START--
INFO: Run Behavior\BuildLiteBehavior [ RunTime:0.000054s ]
INFO: [ app_init ] --END-- [ RunTime:0.000333s ]
INFO: [ app_begin ] --START--
INFO: Run Behavior\ReadHtmlCacheBehavior [ RunTime:0.001929s ]
INFO: [ app_begin ] --END-- [ RunTime:0.002347s ]
INFO: [ view_parse ] --START--
INFO: [ template_filter ] --START--
INFO: Run Behavior\ContentReplaceBehavior [ RunTime:0.000145s ]
INFO: [ template_filter ] --END-- [ RunTime:0.000645s ]
INFO: Run Behavior\ParseTemplateBehavior [ RunTime:0.141635s ]
INFO: [ view_parse ] --END-- [ RunTime:0.141990s ]
INFO: [ view_filter ] --START--
INFO: Run Behavior\WriteHtmlCacheBehavior [ RunTime:0.001323s ]
INFO: [ view_filter ] --END-- [ RunTime:0.001586s ]
INFO: [ app_end ] --START--
INFO: Run Behavior\ShowPageTraceBehavior [ RunTime:0.001496s ]
INFO: [ app_end ] --END-- [ RunTime:0.001885s ]

[ 2014-11-29T14:40:55+08:00 ] 127.0.0.1 /review/index.php/Home/Review/addReviewView
INFO: [ app_init ] --START--
INFO: Run Behavior\BuildLiteBehavior [ RunTime:0.000057s ]
INFO: [ app_init ] --END-- [ RunTime:0.000555s ]
INFO: [ app_begin ] --START--
INFO: Run Behavior\ReadHtmlCacheBehavior [ RunTime:0.001695s ]
INFO: [ app_begin ] --END-- [ RunTime:0.002082s ]
INFO: [ view_parse ] --START--
INFO: [ template_filter ] --START--
INFO: Run Behavior\ContentReplaceBehavior [ RunTime:0.000155s ]
INFO: [ template_filter ] --END-- [ RunTime:0.000615s ]
INFO: Run Behavior\ParseTemplateBehavior [ RunTime:0.020318s ]
INFO: [ view_parse ] --END-- [ RunTime:0.020611s ]
INFO: [ view_filter ] --START--
INFO: Run Behavior\WriteHtmlCacheBehavior [ RunTime:0.000748s ]
INFO: [ view_filter ] --END-- [ RunTime:0.001002s ]
INFO: [ app_end ] --START--
INFO: Run Behavior\ShowPageTraceBehavior [ RunTime:0.001191s ]
INFO: [ app_end ] --END-- [ RunTime:0.001461s ]

[ 2014-11-29T15:40:56+08:00 ] 127.0.0.1 /review/index.php/Home/Index/test
INFO: [ app_init ] --START--
INFO: Run Behavior\BuildLiteBehavior [ RunTime:0.000054s ]
INFO: [ app_init ] --END-- [ RunTime:0.040417s ]
INFO: [ app_begin ] --START--
INFO: Run Behavior\ReadHtmlCacheBehavior [ RunTime:0.002271s ]
INFO: [ app_begin ] --END-- [ RunTime:0.002576s ]
INFO: [ app_end ] --START--
INFO: Run Behavior\ShowPageTraceBehavior [ RunTime:0.002248s ]
INFO: [ app_end ] --END-- [ RunTime:0.002533s ]

[ 2014-11-29T15:58:46+08:00 ] 127.0.0.1 /review/index.php/Home/Review/addReviewView
INFO: [ app_init ] --START--
INFO: Run Behavior\BuildLiteBehavior [ RunTime:0.000054s ]
INFO: [ app_init ] --END-- [ RunTime:0.000348s ]
INFO: [ app_begin ] --START--
INFO: Run Behavior\ReadHtmlCacheBehavior [ RunTime:0.002126s ]
INFO: [ app_begin ] --END-- [ RunTime:0.002770s ]
INFO: [ view_parse ] --START--
INFO: [ template_filter ] --START--
INFO: Run Behavior\ContentReplaceBehavior [ RunTime:0.000621s ]
INFO: [ template_filter ] --END-- [ RunTime:0.000911s ]
INFO: Run Behavior\ParseTemplateBehavior [ RunTime:0.034638s ]
INFO: [ view_parse ] --END-- [ RunTime:0.034958s ]
INFO: [ view_filter ] --START--
INFO: Run Behavior\WriteHtmlCacheBehavior [ RunTime:0.001634s ]
INFO: [ view_filter ] --END-- [ RunTime:0.001912s ]
INFO: [ app_end ] --START--
INFO: Run Behavior\ShowPageTraceBehavior [ RunTime:0.002379s ]
INFO: [ app_end ] --END-- [ RunTime:0.002883s ]

[ 2014-11-29T15:59:53+08:00 ] 127.0.0.1 /review/index.php/Home/Review/addReviewView
INFO: [ app_init ] --START--
INFO: Run Behavior\BuildLiteBehavior [ RunTime:0.000054s ]
INFO: [ app_init ] --END-- [ RunTime:0.000360s ]
INFO: [ app_begin ] --START--
INFO: Run Behavior\ReadHtmlCacheBehavior [ RunTime:0.001540s ]
INFO: [ app_begin ] --END-- [ RunTime:0.001838s ]
INFO: [ view_parse ] --START--
INFO: [ template_filter ] --START--
INFO: Run Behavior\ContentReplaceBehavior [ RunTime:0.000139s ]
INFO: [ template_filter ] --END-- [ RunTime:0.000433s ]
INFO: Run Behavior\ParseTemplateBehavior [ RunTime:0.018631s ]
INFO: [ view_parse ] --END-- [ RunTime:0.018932s ]
INFO: [ view_filter ] --START--
INFO: Run Behavior\WriteHtmlCacheBehavior [ RunTime:0.000670s ]
INFO: [ view_filter ] --END-- [ RunTime:0.000924s ]
INFO: [ app_end ] --START--
INFO: Run Behavior\ShowPageTraceBehavior [ RunTime:0.001635s ]
INFO: [ app_end ] --END-- [ RunTime:0.001907s ]

[ 2014-11-29T16:59:48+08:00 ] 127.0.0.1 /review/index.php/Home/Review/
ERR: ÈùûÊ≥ïÊìç‰Ωú:index

[ 2014-11-29T17:04:40+08:00 ] 127.0.0.1 /review/index.php/Home/ReviewsetEnabled/
INFO: [ app_begin ] --START--
INFO: Run Behavior\ReadHtmlCacheBehavior [ RunTime:0.001336s ]
INFO: [ app_begin ] --END-- [ RunTime:0.001676s ]
ERR: Êó†Ê≥ïÂä†ËΩΩÊéßÂà∂Âô®:ReviewsetEnabled

[ 2014-11-29T17:04:50+08:00 ] 127.0.0.1 /review/index.php/Home/ReviewsetEnabled/
INFO: [ app_begin ] --START--
INFO: Run Behavior\ReadHtmlCacheBehavior [ RunTime:0.001825s ]
INFO: [ app_begin ] --END-- [ RunTime:0.002202s ]
ERR: Êó†Ê≥ïÂä†ËΩΩÊéßÂà∂Âô®:ReviewsetEnabled

[ 2014-11-29T17:05:04+08:00 ] 127.0.0.1 /review/index.php/Home/Review/setEnabled/
INFO: [ app_begin ] --START--
INFO: Run Behavior\ReadHtmlCacheBehavior [ RunTime:0.001158s ]
INFO: [ app_begin ] --END-- [ RunTime:0.001433s ]
SQL: SHOW COLUMNS FROM `review` [ RunTime:0.011622s ]
SQL: update review set is_enabled = 0 where review_id=200100127 [ RunTime:0.234728s ]
NOTIC: [2] mysql_num_rows() expects parameter 1 to be resource, boolean given D:\practise\php\review\ThinkPHP\Library\Think\Db\Driver\Mysql.class.php Á¨¨ 106 Ë°å.
INFO: [ app_end ] --START--
INFO: Run Behavior\ShowPageTraceBehavior [ RunTime:0.001498s ]
INFO: [ app_end ] --END-- [ RunTime:0.001745s ]

[ 2014-11-29T20:06:37+08:00 ] 127.0.0.1 /review/index.php/Home/Review/
ERR: ÈùûÊ≥ïÊìç‰Ωú:index

[ 2014-11-29T23:45:12+08:00 ] 127.0.0.1 /review/index.php/Home/Review/setEnabled/
INFO: [ app_begin ] --START--
INFO: Run Behavior\ReadHtmlCacheBehavior [ RunTime:0.001660s ]
INFO: [ app_begin ] --END-- [ RunTime:0.001966s ]
SQL: SHOW COLUMNS FROM `review` [ RunTime:0.009376s ]
SQL: update review set is_enabled = 1 where review_id=200100127 [ RunTime:0.064518s ]
NOTIC: [2] mysql_num_rows() expects parameter 1 to be resource, boolean given D:\practise\php\review\ThinkPHP\Library\Think\Db\Driver\Mysql.class.php Á¨¨ 106 Ë°å.
INFO: [ app_end ] --START--
INFO: Run Behavior\ShowPageTraceBehavior [ RunTime:0.002752s ]
INFO: [ app_end ] --END-- [ RunTime:0.003120s ]

[ 2014-11-29T23:45:16+08:00 ] 127.0.0.1 /review/index.php/Home/Review/setEnabled/
INFO: [ app_begin ] --START--
INFO: Run Behavior\ReadHtmlCacheBehavior [ RunTime:0.000961s ]
INFO: [ app_begin ] --END-- [ RunTime:0.001209s ]
SQL: SHOW COLUMNS FROM `review` [ RunTime:0.009669s ]
SQL: update review set is_enabled = 0 where review_id=200100127 [ RunTime:0.022608s ]
NOTIC: [2] mysql_num_rows() expects parameter 1 to be resource, boolean given D:\practise\php\review\ThinkPHP\Library\Think\Db\Driver\Mysql.class.php Á¨¨ 106 Ë°å.
INFO: [ app_end ] --START--
INFO: Run Behavior\ShowPageTraceBehavior [ RunTime:0.001299s ]
INFO: [ app_end ] --END-- [ RunTime:0.001522s ]

[ 2014-11-29T23:55:38+08:00 ] 127.0.0.1 /review/index.php/Home/Review/setEnabled/
INFO: [ app_begin ] --START--
INFO: Run Behavior\ReadHtmlCacheBehavior [ RunTime:0.000970s ]
INFO: [ app_begin ] --END-- [ RunTime:0.001230s ]
SQL: SHOW COLUMNS FROM `review` [ RunTime:0.010106s ]
INFO: [ app_end ] --START--
INFO: Run Behavior\ShowPageTraceBehavior [ RunTime:0.001365s ]
INFO: [ app_end ] --END-- [ RunTime:0.001635s ]

[ 2014-11-29T23:55:39+08:00 ] 127.0.0.1 /review/index.php/Home/Review/setEnabled/
INFO: [ app_begin ] --START--
INFO: Run Behavior\ReadHtmlCacheBehavior [ RunTime:0.000956s ]
INFO: [ app_begin ] --END-- [ RunTime:0.001220s ]
SQL: SHOW COLUMNS FROM `review` [ RunTime:0.009392s ]
INFO: [ app_end ] --START--
INFO: Run Behavior\ShowPageTraceBehavior [ RunTime:0.001337s ]
INFO: [ app_end ] --END-- [ RunTime:0.001615s ]

[ 2014-11-29T23:55:40+08:00 ] 127.0.0.1 /review/index.php/Home/Review/setEnabled/
INFO: [ app_begin ] --START--
INFO: Run Behavior\ReadHtmlCacheBehavior [ RunTime:0.000965s ]
INFO: [ app_begin ] --END-- [ RunTime:0.001226s ]
SQL: SHOW COLUMNS FROM `review` [ RunTime:0.009007s ]
INFO: [ app_end ] --START--
INFO: Run Behavior\ShowPageTraceBehavior [ RunTime:0.001291s ]
INFO: [ app_end ] --END-- [ RunTime:0.001551s ]

[ 2014-11-29T23:55:40+08:00 ] 127.0.0.1 /review/index.php/Home/Review/setEnabled/
INFO: [ app_begin ] --START--
INFO: Run Behavior\ReadHtmlCacheBehavior [ RunTime:0.001282s ]
INFO: [ app_begin ] --END-- [ RunTime:0.001563s ]
SQL: SHOW COLUMNS FROM `review` [ RunTime:0.008936s ]
INFO: [ app_end ] --START--
INFO: Run Behavior\ShowPageTraceBehavior [ RunTime:0.001300s ]
INFO: [ app_end ] --END-- [ RunTime:0.001558s ]

[ 2014-11-29T23:55:40+08:00 ] 127.0.0.1 /review/index.php/Home/Review/setEnabled/
INFO: [ app_begin ] --START--
INFO: Run Behavior\ReadHtmlCacheBehavior [ RunTime:0.001056s ]
INFO: [ app_begin ] --END-- [ RunTime:0.001333s ]
SQL: SHOW COLUMNS FROM `review` [ RunTime:0.009877s ]
INFO: [ app_end ] --START--
INFO: Run Behavior\ShowPageTraceBehavior [ RunTime:0.001309s ]
INFO: [ app_end ] --END-- [ RunTime:0.001571s ]

[ 2014-11-29T23:55:41+08:00 ] 127.0.0.1 /review/index.php/Home/Review/setEnabled/
INFO: [ app_begin ] --START--
INFO: Run Behavior\ReadHtmlCacheBehavior [ RunTime:0.000992s ]
INFO: [ app_begin ] --END-- [ RunTime:0.001262s ]
SQL: SHOW COLUMNS FROM `review` [ RunTime:0.009103s ]
INFO: [ app_end ] --START--
INFO: Run Behavior\ShowPageTraceBehavior [ RunTime:0.001424s ]
INFO: [ app_end ] --END-- [ RunTime:0.001697s ]

[ 2014-11-29T23:55:45+08:00 ] 127.0.0.1 /review/index.php/Home/Review/setEnabled/
INFO: [ app_begin ] --START--
INFO: Run Behavior\ReadHtmlCacheBehavior [ RunTime:0.001580s ]
INFO: [ app_begin ] --END-- [ RunTime:0.001861s ]
SQL: SHOW COLUMNS FROM `review` [ RunTime:0.008845s ]
INFO: [ app_end ] --START--
INFO: Run Behavior\ShowPageTraceBehavior [ RunTime:0.001866s ]
INFO: [ app_end ] --END-- [ RunTime:0.002128s ]

[ 2014-11-29T23:55:46+08:00 ] 127.0.0.1 /review/index.php/Home/Review/setEnabled/
INFO: [ app_begin ] --START--
INFO: Run Behavior\ReadHtmlCacheBehavior [ RunTime:0.001375s ]
INFO: [ app_begin ] --END-- [ RunTime:0.001631s ]
SQL: SHOW COLUMNS FROM `review` [ RunTime:0.008999s ]
INFO: [ app_end ] --START--
INFO: Run Behavior\ShowPageTraceBehavior [ RunTime:0.001721s ]
INFO: [ app_end ] --END-- [ RunTime:0.001975s ]

[ 2014-11-29T23:55:47+08:00 ] 127.0.0.1 /review/index.php/Home/Review/setEnabled/
INFO: [ app_begin ] --START--
INFO: Run Behavior\ReadHtmlCacheBehavior [ RunTime:0.001399s ]
INFO: [ app_begin ] --END-- [ RunTime:0.001658s ]
SQL: SHOW COLUMNS FROM `review` [ RunTime:0.009448s ]
INFO: [ app_end ] --START--
INFO: Run Behavior\ShowPageTraceBehavior [ RunTime:0.001711s ]
INFO: [ app_end ] --END-- [ RunTime:0.001963s ]

[ 2014-11-29T23:59:36+08:00 ] 127.0.0.1 /review/index.php/Home/Review/setEnabled/
INFO: [ app_begin ] --START--
INFO: Run Behavior\ReadHtmlCacheBehavior [ RunTime:0.001650s ]
INFO: [ app_begin ] --END-- [ RunTime:0.001998s ]
SQL: SHOW COLUMNS FROM `review` [ RunTime:0.009121s ]
INFO: [ app_end ] --START--
INFO: Run Behavior\ShowPageTraceBehavior [ RunTime:0.001809s ]
INFO: [ app_end ] --END-- [ RunTime:0.002079s ]

[ 2014-11-29T23:59:38+08:00 ] 127.0.0.1 /review/index.php/Home/Review/setEnabled/
INFO: [ app_begin ] --START--
INFO: Run Behavior\ReadHtmlCacheBehavior [ RunTime:0.002563s ]
INFO: [ app_begin ] --END-- [ RunTime:0.002964s ]
SQL: SHOW COLUMNS FROM `review` [ RunTime:0.011168s ]
INFO: [ app_end ] --START--
INFO: Run Behavior\ShowPageTraceBehavior [ RunTime:0.001906s ]
INFO: [ app_end ] --END-- [ RunTime:0.002172s ]

[ 2014-11-29T23:59:39+08:00 ] 127.0.0.1 /review/index.php/Home/Review/setEnabled/
INFO: [ app_begin ] --START--
INFO: Run Behavior\ReadHtmlCacheBehavior [ RunTime:0.001519s ]
INFO: [ app_begin ] --END-- [ RunTime:0.001975s ]
SQL: SHOW COLUMNS FROM `review` [ RunTime:0.010124s ]
INFO: [ app_end ] --START--
INFO: Run Behavior\ShowPageTraceBehavior [ RunTime:0.001746s ]
INFO: [ app_end ] --END-- [ RunTime:0.002004s ]

[ 2014-11-29T23:59:39+08:00 ] 127.0.0.1 /review/index.php/Home/Review/setEnabled/
INFO: [ app_begin ] --START--
INFO: Run Behavior\ReadHtmlCacheBehavior [ RunTime:0.001902s ]
INFO: [ app_begin ] --END-- [ RunTime:0.002226s ]
SQL: SHOW COLUMNS FROM `review` [ RunTime:0.011191s ]
INFO: [ app_end ] --START--
INFO: Run Behavior\ShowPageTraceBehavior [ RunTime:0.001932s ]
INFO: [ app_end ] --END-- [ RunTime:0.002218s ]

[ 2014-11-29T23:59:42+08:00 ] 127.0.0.1 /review/index.php/Home/Review/setEnabled/
INFO: [ app_begin ] --START--
INFO: Run Behavior\ReadHtmlCacheBehavior [ RunTime:0.001448s ]
INFO: [ app_begin ] --END-- [ RunTime:0.001712s ]
SQL: SHOW COLUMNS FROM `review` [ RunTime:0.009789s ]
INFO: [ app_end ] --START--
INFO: Run Behavior\ShowPageTraceBehavior [ RunTime:0.001836s ]
INFO: [ app_end ] --END-- [ RunTime:0.002133s ]

[ 2014-11-29T23:59:45+08:00 ] 127.0.0.1 /review/index.php/Home/Review/setEnabled/
INFO: [ app_begin ] --START--
INFO: Run Behavior\ReadHtmlCacheBehavior [ RunTime:0.001450s ]
INFO: [ app_begin ] --END-- [ RunTime:0.001708s ]
SQL: SHOW COLUMNS FROM `review` [ RunTime:0.009011s ]
INFO: [ app_end ] --START--
INFO: Run Behavior\ShowPageTraceBehavior [ RunTime:0.001480s ]
INFO: [ app_end ] --END-- [ RunTime:0.001724s ]

[ 2014-11-29T23:59:47+08:00 ] 127.0.0.1 /review/index.php/Home/Review/setEnabled/
INFO: [ app_begin ] --START--
INFO: Run Behavior\ReadHtmlCacheBehavior [ RunTime:0.001535s ]
INFO: [ app_begin ] --END-- [ RunTime:0.001800s ]
SQL: SHOW COLUMNS FROM `review` [ RunTime:0.008637s ]
INFO: [ app_end ] --START--
INFO: Run Behavior\ShowPageTraceBehavior [ RunTime:0.002378s ]
INFO: [ app_end ] --END-- [ RunTime:0.002693s ]

